   1              		.cpu arm7tdmi
   2              		.fpu softvfp
   3              		.eabi_attribute 20, 1
   4              		.eabi_attribute 21, 1
   5              		.eabi_attribute 23, 3
   6              		.eabi_attribute 24, 1
   7              		.eabi_attribute 25, 1
   8              		.eabi_attribute 26, 1
   9              		.eabi_attribute 30, 6
  10              		.eabi_attribute 18, 4
  11              		.file	"proyecto.c"
  21              	.Ltext0:
  22              		.file 1 "../proyecto.c"
 1428              	publicidad:
 1429 0000 0A       		.byte	10
 1430              		.global	numCajas
 1431 0001 000000   		.align	2
 1434              	numCajas:
 1435 0004 0A000000 		.word	10
 1436              		.global	TIEMPOCAJA
 1437              		.align	2
 1440              	TIEMPOCAJA:
 1441 0008 03000000 		.word	3
 1442              		.comm	publi,1,1
 1445              	actualizar:
 1446 000c 01       		.byte	1
 1447 000d 000000   		.section	.rodata
 1448              		.align	2
 1449              	.LC0:
 1450 0000 0A496E74 		.ascii	"\012Introduzca fecha\012\000"
 1450      726F6475 
 1450      7A636120 
 1450      66656368 
 1450      610A00
 1451 0013 00       		.align	2
 1452              	.LC1:
 1453 0014 20202D20 		.ascii	"  - Dia: \000"
 1453      4469613A 
 1453      2000
 1454 001e 0000     		.align	2
 1455              	.LC2:
 1456 0020 20202D20 		.ascii	"  - Mes: \000"
 1456      4D65733A 
 1456      2000
 1457 002a 0000     		.align	2
 1458              	.LC3:
 1459 002c 20202D20 		.ascii	"  - A\361o (2 digitos): \000"
 1459      41F16F20 
 1459      28322064 
 1459      69676974 
 1459      6F73293A 
 1460 0042 0000     		.align	2
 1461              	.LC4:
 1462 0044 496E7472 		.ascii	"Introduzca hora\012\000"
 1462      6F64757A 
 1462      63612068 
 1462      6F72610A 
 1462      00
 1463 0055 000000   		.align	2
 1464              	.LC5:
 1465 0058 20202D20 		.ascii	"  - Hora: \000"
 1465      486F7261 
 1465      3A2000
 1466 0063 00       		.align	2
 1467              	.LC6:
 1468 0064 20202D20 		.ascii	"  - Minuto: \000"
 1468      4D696E75 
 1468      746F3A20 
 1468      00
 1469 0071 000000   		.align	2
 1470              	.LC7:
 1471 0074 20202D20 		.ascii	"  - Segundo: \000"
 1471      53656775 
 1471      6E646F3A 
 1471      2000
 1472 0082 0000     		.align	2
 1473              	.LC8:
 1474 0084 0A2800   		.ascii	"\012(\000"
 1475 0087 00       		.align	2
 1476              	.LC9:
 1477 0088 2900     		.ascii	")\000"
 1478 008a 0000     		.align	2
 1479              	.LC10:
 1480 008c 20416272 		.ascii	" Abre la caja n\372mero \000"
 1480      65206C61 
 1480      2063616A 
 1480      61206EFA 
 1480      6D65726F 
 1481 00a2 0000     		.align	2
 1482              	.LC11:
 1483 00a4 0A206C61 		.ascii	"\012 la caja no estaba cerrada  \000"
 1483      2063616A 
 1483      61206E6F 
 1483      20657374 
 1483      61626120 
 1484 00c2 0000     		.align	2
 1485              	.LC12:
 1486 00c4 20436965 		.ascii	" Cierra la caja n\372mero \000"
 1486      72726120 
 1486      6C612063 
 1486      616A6120 
 1486      6EFA6D65 
 1487              		.align	2
 1488              	.LC13:
 1489 00dc 0A206C61 		.ascii	"\012 la caja no estaba abierta  \000"
 1489      2063616A 
 1489      61206E6F 
 1489      20657374 
 1489      61626120 
 1490 00fa 0000     		.align	2
 1491              	.LC14:
 1492 00fc 20457374 		.ascii	" Est\341 libre la caja n\372mero \000"
 1492      E1206C69 
 1492      62726520 
 1492      6C612063 
 1492      616A6120 
 1493              		.align	2
 1494              	.LC15:
 1495 0118 0A206C61 		.ascii	"\012 la caja no estaba ocupada  \000"
 1495      2063616A 
 1495      61206E6F 
 1495      20657374 
 1495      61626120 
 1496 0136 0000     		.align	2
 1497              	.LC16:
 1498 0138 0A20416C 		.ascii	"\012 Al menos hay un cliente esperando \012\000"
 1498      206D656E 
 1498      6F732068 
 1498      61792075 
 1498      6E20636C 
 1499 015e 0000     		.align	2
 1500              	.LC17:
 1501 0160 0A207365 		.ascii	"\012 se ocupa una caja \000"
 1501      206F6375 
 1501      70612075 
 1501      6E612063 
 1501      616A6120 
 1502 0175 000000   		.align	2
 1503              	.LC18:
 1504 0178 204E6F20 		.ascii	" No hay clientes esperando\000"
 1504      68617920 
 1504      636C6965 
 1504      6E746573 
 1504      20657370 
 1505 0193 00       		.align	2
 1506              	.LC19:
 1507 0194 0A207365 		.ascii	"\012 se ocupa una caja \012\000"
 1507      206F6375 
 1507      70612075 
 1507      6E612063 
 1507      616A6120 
 1508              		.text
 1509              		.align	2
 1510              		.global	main
 1512              	main:
 1513              	.LFB0:
   1:../proyecto.c **** #include <system.h>
   2:../proyecto.c **** #include <uart.h>
   3:../proyecto.c **** #include <rtc.h>
   4:../proyecto.c **** #include <keypad.h>
   5:../proyecto.c **** #include <common_types.h>
   6:../proyecto.c **** #include "eventGenerator.h"
   7:../proyecto.c **** #include <lcd.h>
   8:../proyecto.c **** #include <iis.h>
   9:../proyecto.c **** #include <uda1341ts.h>
  10:../proyecto.c **** #include <leds.h>
  11:../proyecto.c **** #include <timers.h>
  12:../proyecto.c **** 
  13:../proyecto.c **** /************************************/
  14:../proyecto.c **** 
  15:../proyecto.c **** //void isr_tick( void ) __attribute__ ((interrupt ("IRQ")));
  16:../proyecto.c **** 
  17:../proyecto.c **** /**********************************/
  18:../proyecto.c **** 
  19:../proyecto.c **** 
  20:../proyecto.c **** #define  GRAB_0     	((int16 *) 0x0c400000)
  21:../proyecto.c **** #define  GRAB_1      	((int16 *) 0x0c40f2f0)
  22:../proyecto.c **** #define  GRAB_2     	((int16 *) 0x0c4163be)
  23:../proyecto.c **** #define  GRAB_3  	    ((int16 *) 0x0c4217e0)
  24:../proyecto.c **** #define  GRAB_4     	((int16 *) 0x0c42ce82)
  25:../proyecto.c **** #define  GRAB_5      	((int16 *) 0x0c438a50)
  26:../proyecto.c **** #define  GRAB_6       	((int16 *) 0x0c44781e)
  27:../proyecto.c **** #define  GRAB_7       	((int16 *) 0x0c451aec)
  28:../proyecto.c **** #define  GRAB_8      	((int16 *) 0x0c45bdba)
  29:../proyecto.c **** #define  GRAB_9       	((int16 *) 0x0c464788)
  30:../proyecto.c **** #define  ABRIRCAJA 	    ((int16 *) 0x0c470356)
  31:../proyecto.c **** #define  CERRARCAJA     ((int16 *) 0x0c49ad24)
  32:../proyecto.c **** #define  PASEPOR      	((int16 *) 0x0c4bf8c6)
  33:../proyecto.c **** //////////////////////////////////////////////
  34:../proyecto.c **** #define GRAB_0_SIZE 	(33300)
  35:../proyecto.c **** #define GRAB_1_SIZE 	(28878)
  36:../proyecto.c **** #define GRAB_2_SIZE 	(28878)
  37:../proyecto.c **** #define GRAB_3_SIZE 	(46114)
  38:../proyecto.c **** #define GRAB_4_SIZE 	(46754)
  39:../proyecto.c **** #define GRAB_5_SIZE 	(48078)
  40:../proyecto.c **** #define GRAB_6_SIZE 	(40878)
  41:../proyecto.c **** #define GRAB_7_SIZE     (41678)
  42:../proyecto.c **** #define GRAB_8_SIZE     (35278)
  43:../proyecto.c **** #define GRAB_9_SIZE     (48078)
  44:../proyecto.c **** #define ABRIRCAJA_SIZE  (137678)
  45:../proyecto.c **** #define CERRARCAJA_SIZE (150434)
  46:../proyecto.c **** #define PASEPOR_SIZE    (110478)
  47:../proyecto.c **** 
  48:../proyecto.c **** 
  49:../proyecto.c **** /////////////////////////////////////////////
  50:../proyecto.c **** 
  51:../proyecto.c **** /***************************************/
  52:../proyecto.c **** #define OFERTAS1   ((uint8 *)0x0c210000)
  53:../proyecto.c **** #define OFERTAS2   ((uint8 *)0x0c220000)
  54:../proyecto.c **** #define OFERTAS3   ((uint8 *)0x0c230000)
  55:../proyecto.c **** #define OFERTAS4   ((uint8 *)0x0c240000)
  56:../proyecto.c **** #define OFERTAS5   ((uint8 *)0x0c250000)
  57:../proyecto.c **** #define OFERTAS6   ((uint8 *)0x0c260000)
  58:../proyecto.c **** //#define MAPA       ((uint8 *)0x0c270000)
  59:../proyecto.c **** /***************************************/
  60:../proyecto.c **** 
  61:../proyecto.c **** 
  62:../proyecto.c **** int8 publicidad = 10;
  63:../proyecto.c **** int numCajas = 10;
  64:../proyecto.c **** int TIEMPOCAJA = 3;
  65:../proyecto.c **** int8  publi;
  66:../proyecto.c **** static boolean actualizar = 1;
  67:../proyecto.c **** 
  68:../proyecto.c **** 
  69:../proyecto.c **** 
  70:../proyecto.c **** void audios(uint8 x);//un switch para elegir el numero del audio
  71:../proyecto.c **** void pintar_Menu(); //pinta un menu
  72:../proyecto.c **** void pintar_Cajas(char Cajas []);//pinta estado de las cajas
  73:../proyecto.c **** void mensaje(int8 num, uint8 x);//informade por el lcd de la accion que se ha realizado
  74:../proyecto.c **** int cajafree(char Cajas []);//funcion auxiliar que si no hay accion y hay clientes revisa si hay ca
  75:../proyecto.c **** 
  76:../proyecto.c **** 
  77:../proyecto.c **** int main( void )
  78:../proyecto.c **** {
 1514              		.loc 1 78 0
 1515              		.cfi_startproc
 1516              		@ Function supports interworking.
 1517              		@ args = 0, pretend = 0, frame = 40
 1518              		@ frame_needed = 1, uses_anonymous_args = 0
 1519 0000 0DC0A0E1 		mov	ip, sp
 1520              	.LCFI0:
 1521              		.cfi_def_cfa_register 12
 1522 0004 00D82DE9 		stmfd	sp!, {fp, ip, lr, pc}
 1523 0008 04B04CE2 		sub	fp, ip, #4
 1524              		.cfi_offset 14, -8
 1525              		.cfi_offset 13, -12
 1526              		.cfi_offset 11, -16
 1527              	.LCFI1:
 1528              		.cfi_def_cfa 11, 4
 1529 000c 28D04DE2 		sub	sp, sp, #40
  79:../proyecto.c **** 
  80:../proyecto.c **** 	//int caja [numCajas] ;
  81:../proyecto.c **** 
  82:../proyecto.c **** 	rtc_time_t rtc_time;
  83:../proyecto.c ****     event_t event;
  84:../proyecto.c **** 	sys_init();
 1530              		.loc 1 84 0
 1531 0010 FEFFFFEB 		bl	sys_init
  85:../proyecto.c **** 	uart0_init();
 1532              		.loc 1 85 0
 1533 0014 FEFFFFEB 		bl	uart0_init
  86:../proyecto.c **** 	rtc_init();
 1534              		.loc 1 86 0
 1535 0018 FEFFFFEB 		bl	rtc_init
  87:../proyecto.c **** 	lcd_init();
 1536              		.loc 1 87 0
 1537 001c FEFFFFEB 		bl	lcd_init
  88:../proyecto.c **** 	uda1341ts_init();
 1538              		.loc 1 88 0
 1539 0020 FEFFFFEB 		bl	uda1341ts_init
  89:../proyecto.c **** 
  90:../proyecto.c **** 	/////////////////////////////////////////////////////
  91:../proyecto.c **** 
  92:../proyecto.c **** 	//lcd_putWallpaper( OFERTAS1 );
  93:../proyecto.c **** 	iis_init( IIS_POLLING );
 1540              		.loc 1 93 0
 1541 0024 0200A0E3 		mov	r0, #2
 1542 0028 FEFFFFEB 		bl	iis_init
  94:../proyecto.c **** 	uda1341ts_setvol( VOL_MED );
 1543              		.loc 1 94 0
 1544 002c 2000A0E3 		mov	r0, #32
 1545 0030 FEFFFFEB 		bl	uda1341ts_setvol
  95:../proyecto.c **** 
  96:../proyecto.c **** 	///////////////////////////////////////////////////////
  97:../proyecto.c **** 
  98:../proyecto.c **** 
  99:../proyecto.c **** 	/***************************************************/
 100:../proyecto.c **** 	uint8 caja,cont=0;
 1546              		.loc 1 100 0
 1547 0034 0030A0E3 		mov	r3, #0
 1548 0038 0D304BE5 		strb	r3, [fp, #-13]
 101:../proyecto.c **** 	char Cajas[] ={'C','C','C','C','C','C','C','C','C','C'};
 1549              		.loc 1 101 0
 1550 003c D4259FE5 		ldr	r2, .L29
 1551 0040 30304BE2 		sub	r3, fp, #48
 1552 0044 070092E8 		ldmia	r2, {r0, r1, r2}
 1553 0048 0300A3E8 		stmia	r3!, {r0, r1}
 1554 004c B020C3E1 		strh	r2, [r3, #0]	@ movhi
 102:../proyecto.c **** 	publi=publicidad;
 1555              		.loc 1 102 0
 1556 0050 C4359FE5 		ldr	r3, .L29+4
 1557 0054 0020D3E5 		ldrb	r2, [r3, #0]	@ zero_extendqisi2
 1558 0058 C0359FE5 		ldr	r3, .L29+8
 1559 005c 0020C3E5 		strb	r2, [r3, #0]
 103:../proyecto.c **** 
 104:../proyecto.c **** 
 105:../proyecto.c **** 	iis_play( PASEPOR, PASEPOR_SIZE, OFF );
 1560              		.loc 1 105 0
 1561 0060 BC059FE5 		ldr	r0, .L29+12
 1562 0064 BC159FE5 		ldr	r1, .L29+16
 1563 0068 0020A0E3 		mov	r2, #0
 1564 006c FEFFFFEB 		bl	iis_play
 106:../proyecto.c **** 	pintar_Menu();
 1565              		.loc 1 106 0
 1566 0070 FEFFFFEB 		bl	pintar_Menu
 107:../proyecto.c **** 
 108:../proyecto.c **** 
 109:../proyecto.c **** 
 110:../proyecto.c **** 
 111:../proyecto.c ****     /************************************/
 112:../proyecto.c **** 
 113:../proyecto.c **** 
 114:../proyecto.c **** 
 115:../proyecto.c **** 	uart0_puts( "\nIntroduzca fecha\n" );
 1567              		.loc 1 115 0
 1568 0074 B0059FE5 		ldr	r0, .L29+20
 1569 0078 FEFFFFEB 		bl	uart0_puts
 116:../proyecto.c **** 	uart0_puts( "  - Dia: " );
 1570              		.loc 1 116 0
 1571 007c AC059FE5 		ldr	r0, .L29+24
 1572 0080 FEFFFFEB 		bl	uart0_puts
 117:../proyecto.c **** 	rtc_time.mday = (uint8) uart0_getint();
 1573              		.loc 1 117 0
 1574 0084 FEFFFFEB 		bl	uart0_getint
 1575 0088 0030A0E1 		mov	r3, r0
 1576 008c FF3003E2 		and	r3, r3, #255
 1577 0090 15304BE5 		strb	r3, [fp, #-21]
 118:../proyecto.c **** 	uart0_puts( "  - Mes: " );
 1578              		.loc 1 118 0
 1579 0094 98059FE5 		ldr	r0, .L29+28
 1580 0098 FEFFFFEB 		bl	uart0_puts
 119:../proyecto.c **** 	rtc_time.mon = (uint8) uart0_getint();
 1581              		.loc 1 119 0
 1582 009c FEFFFFEB 		bl	uart0_getint
 1583 00a0 0030A0E1 		mov	r3, r0
 1584 00a4 FF3003E2 		and	r3, r3, #255
 1585 00a8 13304BE5 		strb	r3, [fp, #-19]
 120:../proyecto.c **** 	uart0_puts( "  - Año (2 digitos): " );
 1586              		.loc 1 120 0
 1587 00ac 84059FE5 		ldr	r0, .L29+32
 1588 00b0 FEFFFFEB 		bl	uart0_puts
 121:../proyecto.c **** 	rtc_time.year = (uint8) uart0_getint();
 1589              		.loc 1 121 0
 1590 00b4 FEFFFFEB 		bl	uart0_getint
 1591 00b8 0030A0E1 		mov	r3, r0
 1592 00bc FF3003E2 		and	r3, r3, #255
 1593 00c0 12304BE5 		strb	r3, [fp, #-18]
 122:../proyecto.c **** 	uart0_puts( "Introduzca hora\n" );
 1594              		.loc 1 122 0
 1595 00c4 70059FE5 		ldr	r0, .L29+36
 1596 00c8 FEFFFFEB 		bl	uart0_puts
 123:../proyecto.c **** 	uart0_puts( "  - Hora: " );
 1597              		.loc 1 123 0
 1598 00cc 6C059FE5 		ldr	r0, .L29+40
 1599 00d0 FEFFFFEB 		bl	uart0_puts
 124:../proyecto.c **** 	rtc_time.hour = (uint8) uart0_getint();
 1600              		.loc 1 124 0
 1601 00d4 FEFFFFEB 		bl	uart0_getint
 1602 00d8 0030A0E1 		mov	r3, r0
 1603 00dc FF3003E2 		and	r3, r3, #255
 1604 00e0 16304BE5 		strb	r3, [fp, #-22]
 125:../proyecto.c **** 	uart0_puts( "  - Minuto: " );
 1605              		.loc 1 125 0
 1606 00e4 58059FE5 		ldr	r0, .L29+44
 1607 00e8 FEFFFFEB 		bl	uart0_puts
 126:../proyecto.c **** 	rtc_time.min = (uint8) uart0_getint();
 1608              		.loc 1 126 0
 1609 00ec FEFFFFEB 		bl	uart0_getint
 1610 00f0 0030A0E1 		mov	r3, r0
 1611 00f4 FF3003E2 		and	r3, r3, #255
 1612 00f8 17304BE5 		strb	r3, [fp, #-23]
 127:../proyecto.c **** 	uart0_puts( "  - Segundo: " );
 1613              		.loc 1 127 0
 1614 00fc 44059FE5 		ldr	r0, .L29+48
 1615 0100 FEFFFFEB 		bl	uart0_puts
 128:../proyecto.c **** 	rtc_time.sec = (uint8) uart0_getint();
 1616              		.loc 1 128 0
 1617 0104 FEFFFFEB 		bl	uart0_getint
 1618 0108 0030A0E1 		mov	r3, r0
 1619 010c FF3003E2 		and	r3, r3, #255
 1620 0110 18304BE5 		strb	r3, [fp, #-24]
 129:../proyecto.c **** 
 130:../proyecto.c **** 	rtc_puttime( &rtc_time );
 1621              		.loc 1 130 0
 1622 0114 18304BE2 		sub	r3, fp, #24
 1623 0118 0300A0E1 		mov	r0, r3
 1624 011c FEFFFFEB 		bl	rtc_puttime
 131:../proyecto.c **** 	pintar_Cajas(Cajas);
 1625              		.loc 1 131 0
 1626 0120 30304BE2 		sub	r3, fp, #48
 1627 0124 0300A0E1 		mov	r0, r3
 1628 0128 FEFFFFEB 		bl	pintar_Cajas
 132:../proyecto.c ****     /************************************/
 133:../proyecto.c **** 
 134:../proyecto.c **** 	eventGenerator_init();                              // Arranca el generador de eventos
 1629              		.loc 1 134 0
 1630 012c FEFFFFEB 		bl	eventGenerator_init
 1631              	.L27:
 135:../proyecto.c **** 
 136:../proyecto.c ****     while( 1 )
 137:../proyecto.c ****     {
 138:../proyecto.c **** 
 139:../proyecto.c **** 
 140:../proyecto.c ****         if( any_event() )                               // Comprueba si hay algún evento por proces
 1632              		.loc 1 140 0
 1633 0130 FEFFFFEB 		bl	any_event
 1634 0134 0030A0E1 		mov	r3, r0
 1635 0138 000053E3 		cmp	r3, #0
 1636 013c C600000A 		beq	.L2
 141:../proyecto.c ****         {
 142:../proyecto.c ****         	//publi = 10;
 143:../proyecto.c ****             get_event( &event );                        // Desencola un evento
 1637              		.loc 1 143 0
 1638 0140 24304BE2 		sub	r3, fp, #36
 1639 0144 0300A0E1 		mov	r0, r3
 1640 0148 FEFFFFEB 		bl	get_event
 144:../proyecto.c **** 
 145:../proyecto.c ****             uart0_puts( "\n(" );                         // Procesa el evento
 1641              		.loc 1 145 0
 1642 014c F8049FE5 		ldr	r0, .L29+52
 1643 0150 FEFFFFEB 		bl	uart0_puts
 146:../proyecto.c ****             uart0_putint( event.time.mday );
 1644              		.loc 1 146 0
 1645 0154 21305BE5 		ldrb	r3, [fp, #-33]	@ zero_extendqisi2
 1646 0158 0300A0E1 		mov	r0, r3
 1647 015c FEFFFFEB 		bl	uart0_putint
 147:../proyecto.c ****             uart0_putchar( '/' );
 1648              		.loc 1 147 0
 1649 0160 2F00A0E3 		mov	r0, #47
 1650 0164 FEFFFFEB 		bl	uart0_putchar
 148:../proyecto.c ****             uart0_putint( event.time.mon );
 1651              		.loc 1 148 0
 1652 0168 1F305BE5 		ldrb	r3, [fp, #-31]	@ zero_extendqisi2
 1653 016c 0300A0E1 		mov	r0, r3
 1654 0170 FEFFFFEB 		bl	uart0_putint
 149:../proyecto.c ****             uart0_putchar( '/' );
 1655              		.loc 1 149 0
 1656 0174 2F00A0E3 		mov	r0, #47
 1657 0178 FEFFFFEB 		bl	uart0_putchar
 150:../proyecto.c ****             uart0_putint( event.time.year );
 1658              		.loc 1 150 0
 1659 017c 1E305BE5 		ldrb	r3, [fp, #-30]	@ zero_extendqisi2
 1660 0180 0300A0E1 		mov	r0, r3
 1661 0184 FEFFFFEB 		bl	uart0_putint
 151:../proyecto.c ****             uart0_putchar( ' ' );
 1662              		.loc 1 151 0
 1663 0188 2000A0E3 		mov	r0, #32
 1664 018c FEFFFFEB 		bl	uart0_putchar
 152:../proyecto.c ****             uart0_putint( event.time.hour );
 1665              		.loc 1 152 0
 1666 0190 22305BE5 		ldrb	r3, [fp, #-34]	@ zero_extendqisi2
 1667 0194 0300A0E1 		mov	r0, r3
 1668 0198 FEFFFFEB 		bl	uart0_putint
 153:../proyecto.c ****             uart0_putchar( ':' );
 1669              		.loc 1 153 0
 1670 019c 3A00A0E3 		mov	r0, #58
 1671 01a0 FEFFFFEB 		bl	uart0_putchar
 154:../proyecto.c ****             uart0_putint( event.time.min );
 1672              		.loc 1 154 0
 1673 01a4 23305BE5 		ldrb	r3, [fp, #-35]	@ zero_extendqisi2
 1674 01a8 0300A0E1 		mov	r0, r3
 1675 01ac FEFFFFEB 		bl	uart0_putint
 155:../proyecto.c ****             uart0_putchar( ':' );
 1676              		.loc 1 155 0
 1677 01b0 3A00A0E3 		mov	r0, #58
 1678 01b4 FEFFFFEB 		bl	uart0_putchar
 156:../proyecto.c ****             uart0_putint( event.time.sec );
 1679              		.loc 1 156 0
 1680 01b8 24305BE5 		ldrb	r3, [fp, #-36]	@ zero_extendqisi2
 1681 01bc 0300A0E1 		mov	r0, r3
 1682 01c0 FEFFFFEB 		bl	uart0_putint
 157:../proyecto.c ****             uart0_puts( ")" );
 1683              		.loc 1 157 0
 1684 01c4 84049FE5 		ldr	r0, .L29+56
 1685 01c8 FEFFFFEB 		bl	uart0_puts
 158:../proyecto.c ****             switch( event.id )
 1686              		.loc 1 158 0
 1687 01cc 1D305BE5 		ldrb	r3, [fp, #-29]	@ zero_extendqisi2
 1688 01d0 013043E2 		sub	r3, r3, #1
 1689 01d4 040053E3 		cmp	r3, #4
 1690 01d8 03F19F97 		ldrls	pc, [pc, r3, asl #2]
 1691 01dc 9B0000EA 		b	.L3
 1692              	.L9:
 1693 01e0 F4010000 		.word	.L4
 1694 01e4 94020000 		.word	.L5
 1695 01e8 34030000 		.word	.L6
 1696 01ec B8030000 		.word	.L7
 1697 01f0 40040000 		.word	.L8
 1698              	.L4:
 159:../proyecto.c ****             {
 160:../proyecto.c ****                 case ABRECAJA:
 161:../proyecto.c ****                     uart0_puts( " Abre la caja número " );
 1699              		.loc 1 161 0
 1700 01f4 58049FE5 		ldr	r0, .L29+60
 1701 01f8 FEFFFFEB 		bl	uart0_puts
 162:../proyecto.c ****                     uart0_putint( event.arg );
 1702              		.loc 1 162 0
 1703 01fc 1C305BE5 		ldrb	r3, [fp, #-28]	@ zero_extendqisi2
 1704 0200 0300A0E1 		mov	r0, r3
 1705 0204 FEFFFFEB 		bl	uart0_putint
 163:../proyecto.c ****                     if (Cajas[event.arg] == 'C'){
 1706              		.loc 1 163 0
 1707 0208 1C305BE5 		ldrb	r3, [fp, #-28]	@ zero_extendqisi2
 1708 020c 0320A0E1 		mov	r2, r3
 1709 0210 2330E0E3 		mvn	r3, #35
 1710 0214 0C004BE2 		sub	r0, fp, #12
 1711 0218 022080E0 		add	r2, r0, r2
 1712 021c 033082E0 		add	r3, r2, r3
 1713 0220 0030D3E5 		ldrb	r3, [r3, #0]	@ zero_extendqisi2
 1714 0224 430053E3 		cmp	r3, #67
 1715 0228 1600001A 		bne	.L10
 164:../proyecto.c ****                     	Cajas[event.arg] = 'O';
 1716              		.loc 1 164 0
 1717 022c 1C305BE5 		ldrb	r3, [fp, #-28]	@ zero_extendqisi2
 1718 0230 0320A0E1 		mov	r2, r3
 1719 0234 2330E0E3 		mvn	r3, #35
 1720 0238 0C104BE2 		sub	r1, fp, #12
 1721 023c 022081E0 		add	r2, r1, r2
 1722 0240 033082E0 		add	r3, r2, r3
 1723 0244 4F20A0E3 		mov	r2, #79
 1724 0248 0020C3E5 		strb	r2, [r3, #0]
 165:../proyecto.c ****                     	mensaje(2, event.arg);
 1725              		.loc 1 165 0
 1726 024c 1C305BE5 		ldrb	r3, [fp, #-28]	@ zero_extendqisi2
 1727 0250 0200A0E3 		mov	r0, #2
 1728 0254 0310A0E1 		mov	r1, r3
 1729 0258 FEFFFFEB 		bl	mensaje
 166:../proyecto.c ****                     	actualizar = 1;
 1730              		.loc 1 166 0
 1731 025c F4339FE5 		ldr	r3, .L29+64
 1732 0260 0120A0E3 		mov	r2, #1
 1733 0264 0020C3E5 		strb	r2, [r3, #0]
 167:../proyecto.c ****                     	iis_play( ABRIRCAJA, ABRIRCAJA_SIZE, OFF );
 1734              		.loc 1 167 0
 1735 0268 EC039FE5 		ldr	r0, .L29+68
 1736 026c EC139FE5 		ldr	r1, .L29+72
 1737 0270 0020A0E3 		mov	r2, #0
 1738 0274 FEFFFFEB 		bl	iis_play
 168:../proyecto.c ****                     	audios(event.arg);
 1739              		.loc 1 168 0
 1740 0278 1C305BE5 		ldrb	r3, [fp, #-28]	@ zero_extendqisi2
 1741 027c 0300A0E1 		mov	r0, r3
 1742 0280 FEFFFFEB 		bl	audios
 169:../proyecto.c ****                     }
 170:../proyecto.c ****                     else{
 171:../proyecto.c ****                       	uart0_puts( "\n la caja no estaba cerrada  " );
 172:../proyecto.c ****                     }
 173:../proyecto.c **** 
 174:../proyecto.c ****                     break;
 1743              		.loc 1 174 0
 1744 0284 710000EA 		b	.L3
 1745              	.L10:
 171:../proyecto.c ****                       	uart0_puts( "\n la caja no estaba cerrada  " );
 1746              		.loc 1 171 0
 1747 0288 D4039FE5 		ldr	r0, .L29+76
 1748 028c FEFFFFEB 		bl	uart0_puts
 1749              		.loc 1 174 0
 1750 0290 6E0000EA 		b	.L3
 1751              	.L5:
 175:../proyecto.c ****                 case CIERRACAJA:
 176:../proyecto.c ****                     uart0_puts( " Cierra la caja número " );
 1752              		.loc 1 176 0
 1753 0294 CC039FE5 		ldr	r0, .L29+80
 1754 0298 FEFFFFEB 		bl	uart0_puts
 177:../proyecto.c ****                     uart0_putint( event.arg );
 1755              		.loc 1 177 0
 1756 029c 1C305BE5 		ldrb	r3, [fp, #-28]	@ zero_extendqisi2
 1757 02a0 0300A0E1 		mov	r0, r3
 1758 02a4 FEFFFFEB 		bl	uart0_putint
 178:../proyecto.c ****                     if (Cajas[event.arg] == 'O'){
 1759              		.loc 1 178 0
 1760 02a8 1C305BE5 		ldrb	r3, [fp, #-28]	@ zero_extendqisi2
 1761 02ac 0320A0E1 		mov	r2, r3
 1762 02b0 2330E0E3 		mvn	r3, #35
 1763 02b4 0C004BE2 		sub	r0, fp, #12
 1764 02b8 022080E0 		add	r2, r0, r2
 1765 02bc 033082E0 		add	r3, r2, r3
 1766 02c0 0030D3E5 		ldrb	r3, [r3, #0]	@ zero_extendqisi2
 1767 02c4 4F0053E3 		cmp	r3, #79
 1768 02c8 1600001A 		bne	.L12
 179:../proyecto.c ****                     	Cajas[event.arg] = 'C';
 1769              		.loc 1 179 0
 1770 02cc 1C305BE5 		ldrb	r3, [fp, #-28]	@ zero_extendqisi2
 1771 02d0 0320A0E1 		mov	r2, r3
 1772 02d4 2330E0E3 		mvn	r3, #35
 1773 02d8 0C104BE2 		sub	r1, fp, #12
 1774 02dc 022081E0 		add	r2, r1, r2
 1775 02e0 033082E0 		add	r3, r2, r3
 1776 02e4 4320A0E3 		mov	r2, #67
 1777 02e8 0020C3E5 		strb	r2, [r3, #0]
 180:../proyecto.c ****                     	mensaje(1, event.arg);
 1778              		.loc 1 180 0
 1779 02ec 1C305BE5 		ldrb	r3, [fp, #-28]	@ zero_extendqisi2
 1780 02f0 0100A0E3 		mov	r0, #1
 1781 02f4 0310A0E1 		mov	r1, r3
 1782 02f8 FEFFFFEB 		bl	mensaje
 181:../proyecto.c ****                     	actualizar = 1;
 1783              		.loc 1 181 0
 1784 02fc 54339FE5 		ldr	r3, .L29+64
 1785 0300 0120A0E3 		mov	r2, #1
 1786 0304 0020C3E5 		strb	r2, [r3, #0]
 182:../proyecto.c ****                     	iis_play( CERRARCAJA, CERRARCAJA_SIZE, OFF );
 1787              		.loc 1 182 0
 1788 0308 5C039FE5 		ldr	r0, .L29+84
 1789 030c 5C139FE5 		ldr	r1, .L29+88
 1790 0310 0020A0E3 		mov	r2, #0
 1791 0314 FEFFFFEB 		bl	iis_play
 183:../proyecto.c ****                     	audios(event.arg);
 1792              		.loc 1 183 0
 1793 0318 1C305BE5 		ldrb	r3, [fp, #-28]	@ zero_extendqisi2
 1794 031c 0300A0E1 		mov	r0, r3
 1795 0320 FEFFFFEB 		bl	audios
 184:../proyecto.c ****                     }
 185:../proyecto.c ****                     else{
 186:../proyecto.c ****                     	uart0_puts( "\n la caja no estaba abierta  " );
 187:../proyecto.c ****                     }
 188:../proyecto.c **** 
 189:../proyecto.c ****                     break;
 1796              		.loc 1 189 0
 1797 0324 490000EA 		b	.L3
 1798              	.L12:
 186:../proyecto.c ****                     	uart0_puts( "\n la caja no estaba abierta  " );
 1799              		.loc 1 186 0
 1800 0328 44039FE5 		ldr	r0, .L29+92
 1801 032c FEFFFFEB 		bl	uart0_puts
 1802              		.loc 1 189 0
 1803 0330 460000EA 		b	.L3
 1804              	.L6:
 190:../proyecto.c ****                 case CAJALIBRE:
 191:../proyecto.c ****                     uart0_puts( " Está libre la caja número " );
 1805              		.loc 1 191 0
 1806 0334 3C039FE5 		ldr	r0, .L29+96
 1807 0338 FEFFFFEB 		bl	uart0_puts
 192:../proyecto.c ****                     uart0_putint( event.arg );
 1808              		.loc 1 192 0
 1809 033c 1C305BE5 		ldrb	r3, [fp, #-28]	@ zero_extendqisi2
 1810 0340 0300A0E1 		mov	r0, r3
 1811 0344 FEFFFFEB 		bl	uart0_putint
 193:../proyecto.c ****                     if( Cajas[event.arg] == 'X'){
 1812              		.loc 1 193 0
 1813 0348 1C305BE5 		ldrb	r3, [fp, #-28]	@ zero_extendqisi2
 1814 034c 0320A0E1 		mov	r2, r3
 1815 0350 2330E0E3 		mvn	r3, #35
 1816 0354 0C004BE2 		sub	r0, fp, #12
 1817 0358 022080E0 		add	r2, r0, r2
 1818 035c 033082E0 		add	r3, r2, r3
 1819 0360 0030D3E5 		ldrb	r3, [r3, #0]	@ zero_extendqisi2
 1820 0364 580053E3 		cmp	r3, #88
 1821 0368 0F00001A 		bne	.L14
 194:../proyecto.c ****                     	Cajas[event.arg] = 'O';
 1822              		.loc 1 194 0
 1823 036c 1C305BE5 		ldrb	r3, [fp, #-28]	@ zero_extendqisi2
 1824 0370 0320A0E1 		mov	r2, r3
 1825 0374 2330E0E3 		mvn	r3, #35
 1826 0378 0C104BE2 		sub	r1, fp, #12
 1827 037c 022081E0 		add	r2, r1, r2
 1828 0380 033082E0 		add	r3, r2, r3
 1829 0384 4F20A0E3 		mov	r2, #79
 1830 0388 0020C3E5 		strb	r2, [r3, #0]
 195:../proyecto.c ****                     	mensaje(3, event.arg);
 1831              		.loc 1 195 0
 1832 038c 1C305BE5 		ldrb	r3, [fp, #-28]	@ zero_extendqisi2
 1833 0390 0300A0E3 		mov	r0, #3
 1834 0394 0310A0E1 		mov	r1, r3
 1835 0398 FEFFFFEB 		bl	mensaje
 196:../proyecto.c ****                     	actualizar = 1;
 1836              		.loc 1 196 0
 1837 039c B4329FE5 		ldr	r3, .L29+64
 1838 03a0 0120A0E3 		mov	r2, #1
 1839 03a4 0020C3E5 		strb	r2, [r3, #0]
 197:../proyecto.c ****                     }
 198:../proyecto.c ****                     else{
 199:../proyecto.c ****                     	 uart0_puts( "\n la caja no estaba ocupada  " );
 200:../proyecto.c ****                     }
 201:../proyecto.c ****                     break;
 1840              		.loc 1 201 0
 1841 03a8 280000EA 		b	.L3
 1842              	.L14:
 199:../proyecto.c ****                     	 uart0_puts( "\n la caja no estaba ocupada  " );
 1843              		.loc 1 199 0
 1844 03ac C8029FE5 		ldr	r0, .L29+100
 1845 03b0 FEFFFFEB 		bl	uart0_puts
 1846              		.loc 1 201 0
 1847 03b4 250000EA 		b	.L3
 1848              	.L7:
 202:../proyecto.c ****                 case CLIENTEESPERA:
 203:../proyecto.c ****                     uart0_puts( "\n Al menos hay un cliente esperando \n" );
 1849              		.loc 1 203 0
 1850 03b8 C0029FE5 		ldr	r0, .L29+104
 1851 03bc FEFFFFEB 		bl	uart0_puts
 204:../proyecto.c ****                     /////////////////////
 205:../proyecto.c ****                    caja = cajafree(Cajas);
 1852              		.loc 1 205 0
 1853 03c0 30304BE2 		sub	r3, fp, #48
 1854 03c4 0300A0E1 		mov	r0, r3
 1855 03c8 FEFFFFEB 		bl	cajafree
 1856 03cc 0030A0E1 		mov	r3, r0
 1857 03d0 0E304BE5 		strb	r3, [fp, #-14]
 206:../proyecto.c ****                 	if(caja != 11){
 1858              		.loc 1 206 0
 1859 03d4 0E305BE5 		ldrb	r3, [fp, #-14]	@ zero_extendqisi2
 1860 03d8 0B0053E3 		cmp	r3, #11
 1861 03dc 1A00000A 		beq	.L28
 207:../proyecto.c ****                 	Cajas[caja] = 'X';
 1862              		.loc 1 207 0
 1863 03e0 0E205BE5 		ldrb	r2, [fp, #-14]	@ zero_extendqisi2
 1864 03e4 2330E0E3 		mvn	r3, #35
 1865 03e8 0C004BE2 		sub	r0, fp, #12
 1866 03ec 022080E0 		add	r2, r0, r2
 1867 03f0 033082E0 		add	r3, r2, r3
 1868 03f4 5820A0E3 		mov	r2, #88
 1869 03f8 0020C3E5 		strb	r2, [r3, #0]
 208:../proyecto.c ****                 	mensaje(0, caja);
 1870              		.loc 1 208 0
 1871 03fc 0E305BE5 		ldrb	r3, [fp, #-14]	@ zero_extendqisi2
 1872 0400 0000A0E3 		mov	r0, #0
 1873 0404 0310A0E1 		mov	r1, r3
 1874 0408 FEFFFFEB 		bl	mensaje
 209:../proyecto.c ****                 	 uart0_puts( "\n se ocupa una caja " );
 1875              		.loc 1 209 0
 1876 040c 70029FE5 		ldr	r0, .L29+108
 1877 0410 FEFFFFEB 		bl	uart0_puts
 210:../proyecto.c ****                 	actualizar = 1;
 1878              		.loc 1 210 0
 1879 0414 3C329FE5 		ldr	r3, .L29+64
 1880 0418 0120A0E3 		mov	r2, #1
 1881 041c 0020C3E5 		strb	r2, [r3, #0]
 211:../proyecto.c ****                 	iis_play( PASEPOR, PASEPOR_SIZE, OFF );
 1882              		.loc 1 211 0
 1883 0420 FC019FE5 		ldr	r0, .L29+12
 1884 0424 FC119FE5 		ldr	r1, .L29+16
 1885 0428 0020A0E3 		mov	r2, #0
 1886 042c FEFFFFEB 		bl	iis_play
 212:../proyecto.c ****                 	audios(caja);
 1887              		.loc 1 212 0
 1888 0430 0E305BE5 		ldrb	r3, [fp, #-14]	@ zero_extendqisi2
 1889 0434 0300A0E1 		mov	r0, r3
 1890 0438 FEFFFFEB 		bl	audios
 213:../proyecto.c ****                 	}
 214:../proyecto.c ****                 	///////////////////////
 215:../proyecto.c ****                     break;
 1891              		.loc 1 215 0
 1892 043c 030000EA 		b	.L3
 1893              	.L8:
 216:../proyecto.c ****                 case SINCLIENTES:
 217:../proyecto.c ****                     uart0_puts( " No hay clientes esperando" );
 1894              		.loc 1 217 0
 1895 0440 40029FE5 		ldr	r0, .L29+112
 1896 0444 FEFFFFEB 		bl	uart0_puts
 218:../proyecto.c ****                     break;
 1897              		.loc 1 218 0
 1898 0448 000000EA 		b	.L3
 1899              	.L28:
 215:../proyecto.c ****                     break;
 1900              		.loc 1 215 0
 1901 044c 0000A0E1 		mov	r0, r0	@ nop
 1902              	.L3:
 219:../proyecto.c ****             }
 220:../proyecto.c ****             uart0_putchar( '\n' );
 1903              		.loc 1 220 0
 1904 0450 0A00A0E3 		mov	r0, #10
 1905 0454 FEFFFFEB 		bl	uart0_putchar
 1906 0458 230000EA 		b	.L17
 1907              	.L2:
 221:../proyecto.c ****         }
 222:../proyecto.c ****         else
 223:../proyecto.c ****         {
 224:../proyecto.c ****         	caja = cajafree(Cajas);
 1908              		.loc 1 224 0
 1909 045c 30304BE2 		sub	r3, fp, #48
 1910 0460 0300A0E1 		mov	r0, r3
 1911 0464 FEFFFFEB 		bl	cajafree
 1912 0468 0030A0E1 		mov	r3, r0
 1913 046c 0E304BE5 		strb	r3, [fp, #-14]
 225:../proyecto.c ****         	if(led_status(1) && caja != 11 ){
 1914              		.loc 1 225 0
 1915 0470 0100A0E3 		mov	r0, #1
 1916 0474 FEFFFFEB 		bl	led_status
 1917 0478 0030A0E1 		mov	r3, r0
 1918 047c 000053E3 		cmp	r3, #0
 1919 0480 1900000A 		beq	.L17
 1920              		.loc 1 225 0 is_stmt 0 discriminator 1
 1921 0484 0E305BE5 		ldrb	r3, [fp, #-14]	@ zero_extendqisi2
 1922 0488 0B0053E3 		cmp	r3, #11
 1923 048c 1600000A 		beq	.L17
 226:../proyecto.c ****         		 Cajas[caja] = 'X';
 1924              		.loc 1 226 0 is_stmt 1
 1925 0490 0E205BE5 		ldrb	r2, [fp, #-14]	@ zero_extendqisi2
 1926 0494 2330E0E3 		mvn	r3, #35
 1927 0498 0C104BE2 		sub	r1, fp, #12
 1928 049c 022081E0 		add	r2, r1, r2
 1929 04a0 033082E0 		add	r3, r2, r3
 1930 04a4 5820A0E3 		mov	r2, #88
 1931 04a8 0020C3E5 		strb	r2, [r3, #0]
 227:../proyecto.c ****         		 mensaje(0, caja);
 1932              		.loc 1 227 0
 1933 04ac 0E305BE5 		ldrb	r3, [fp, #-14]	@ zero_extendqisi2
 1934 04b0 0000A0E3 		mov	r0, #0
 1935 04b4 0310A0E1 		mov	r1, r3
 1936 04b8 FEFFFFEB 		bl	mensaje
 228:../proyecto.c ****         		 uart0_puts( "\n se ocupa una caja \n" );
 1937              		.loc 1 228 0
 1938 04bc C8019FE5 		ldr	r0, .L29+116
 1939 04c0 FEFFFFEB 		bl	uart0_puts
 229:../proyecto.c ****         		 actualizar = 1;
 1940              		.loc 1 229 0
 1941 04c4 8C319FE5 		ldr	r3, .L29+64
 1942 04c8 0120A0E3 		mov	r2, #1
 1943 04cc 0020C3E5 		strb	r2, [r3, #0]
 230:../proyecto.c ****              	iis_play( PASEPOR, PASEPOR_SIZE, OFF );
 1944              		.loc 1 230 0
 1945 04d0 4C019FE5 		ldr	r0, .L29+12
 1946 04d4 4C119FE5 		ldr	r1, .L29+16
 1947 04d8 0020A0E3 		mov	r2, #0
 1948 04dc FEFFFFEB 		bl	iis_play
 231:../proyecto.c ****              	audios(caja);
 1949              		.loc 1 231 0
 1950 04e0 0E305BE5 		ldrb	r3, [fp, #-14]	@ zero_extendqisi2
 1951 04e4 0300A0E1 		mov	r0, r3
 1952 04e8 FEFFFFEB 		bl	audios
 1953              	.L17:
 232:../proyecto.c ****         	}
 233:../proyecto.c **** 
 234:../proyecto.c ****         }
 235:../proyecto.c ****         if(actualizar == 1){
 1954              		.loc 1 235 0
 1955 04ec 64319FE5 		ldr	r3, .L29+64
 1956 04f0 0030D3E5 		ldrb	r3, [r3, #0]	@ zero_extendqisi2
 1957 04f4 010053E3 		cmp	r3, #1
 1958 04f8 0C00001A 		bne	.L18
 236:../proyecto.c ****         	sw_delay_s(1);
 1959              		.loc 1 236 0
 1960 04fc 0100A0E3 		mov	r0, #1
 1961 0500 FEFFFFEB 		bl	sw_delay_s
 237:../proyecto.c ****         	actualizar = 0;
 1962              		.loc 1 237 0
 1963 0504 4C319FE5 		ldr	r3, .L29+64
 1964 0508 0020A0E3 		mov	r2, #0
 1965 050c 0020C3E5 		strb	r2, [r3, #0]
 238:../proyecto.c ****         	pintar_Cajas(Cajas);
 1966              		.loc 1 238 0
 1967 0510 30304BE2 		sub	r3, fp, #48
 1968 0514 0300A0E1 		mov	r0, r3
 1969 0518 FEFFFFEB 		bl	pintar_Cajas
 239:../proyecto.c ****         	publi = publicidad;
 1970              		.loc 1 239 0
 1971 051c F8309FE5 		ldr	r3, .L29+4
 1972 0520 0020D3E5 		ldrb	r2, [r3, #0]	@ zero_extendqisi2
 1973 0524 F4309FE5 		ldr	r3, .L29+8
 1974 0528 0020C3E5 		strb	r2, [r3, #0]
 1975 052c 360000EA 		b	.L19
 1976              	.L18:
 240:../proyecto.c ****         }
 241:../proyecto.c ****         else{
 242:../proyecto.c ****             publi--;
 1977              		.loc 1 242 0
 1978 0530 E8309FE5 		ldr	r3, .L29+8
 1979 0534 0030D3E5 		ldrb	r3, [r3, #0]	@ zero_extendqisi2
 1980 0538 013043E2 		sub	r3, r3, #1
 1981 053c FF2003E2 		and	r2, r3, #255
 1982 0540 D8309FE5 		ldr	r3, .L29+8
 1983 0544 0020C3E5 		strb	r2, [r3, #0]
 243:../proyecto.c ****             if(publi <= 0)
 1984              		.loc 1 243 0
 1985 0548 D0309FE5 		ldr	r3, .L29+8
 1986 054c 0030D3E5 		ldrb	r3, [r3, #0]	@ zero_extendqisi2
 1987 0550 033CA0E1 		mov	r3, r3, asl #24
 1988 0554 433CA0E1 		mov	r3, r3, asr #24
 1989 0558 000053E3 		cmp	r3, #0
 1990 055c 2A0000CA 		bgt	.L19
 244:../proyecto.c ****                {
 245:../proyecto.c ****             	lcd_clear();
 1991              		.loc 1 245 0
 1992 0560 FEFFFFEB 		bl	lcd_clear
 246:../proyecto.c ****             	lcd_on();
 1993              		.loc 1 246 0
 1994 0564 FEFFFFEB 		bl	lcd_on
 247:../proyecto.c ****                 cont = ((cont+1) %6);
 1995              		.loc 1 247 0
 1996 0568 0D305BE5 		ldrb	r3, [fp, #-13]	@ zero_extendqisi2
 1997 056c 011083E2 		add	r1, r3, #1
 1998 0570 18319FE5 		ldr	r3, .L29+120
 1999 0574 9301C2E0 		smull	r0, r2, r3, r1
 2000 0578 C13FA0E1 		mov	r3, r1, asr #31
 2001 057c 022063E0 		rsb	r2, r3, r2
 2002 0580 0230A0E1 		mov	r3, r2
 2003 0584 8330A0E1 		mov	r3, r3, asl #1
 2004 0588 023083E0 		add	r3, r3, r2
 2005 058c 8330A0E1 		mov	r3, r3, asl #1
 2006 0590 012063E0 		rsb	r2, r3, r1
 2007 0594 0230A0E1 		mov	r3, r2
 2008 0598 0D304BE5 		strb	r3, [fp, #-13]
 248:../proyecto.c ****                 switch( cont ){
 2009              		.loc 1 248 0
 2010 059c 0D305BE5 		ldrb	r3, [fp, #-13]	@ zero_extendqisi2
 2011 05a0 050053E3 		cmp	r3, #5
 2012 05a4 03F19F97 		ldrls	pc, [pc, r3, asl #2]
 2013 05a8 170000EA 		b	.L19
 2014              	.L26:
 2015 05ac C4050000 		.word	.L20
 2016 05b0 D0050000 		.word	.L21
 2017 05b4 DC050000 		.word	.L22
 2018 05b8 E8050000 		.word	.L23
 2019 05bc F4050000 		.word	.L24
 2020 05c0 00060000 		.word	.L25
 2021              	.L20:
 249:../proyecto.c ****         			case 0x0:lcd_putWallpaper( OFERTAS1 );break;
 2022              		.loc 1 249 0
 2023 05c4 C8009FE5 		ldr	r0, .L29+124
 2024 05c8 FEFFFFEB 		bl	lcd_putWallpaper
 2025 05cc 0E0000EA 		b	.L19
 2026              	.L21:
 250:../proyecto.c ****         			case 0x1:lcd_putWallpaper( OFERTAS2 );break;
 2027              		.loc 1 250 0
 2028 05d0 C0009FE5 		ldr	r0, .L29+128
 2029 05d4 FEFFFFEB 		bl	lcd_putWallpaper
 2030 05d8 0B0000EA 		b	.L19
 2031              	.L22:
 251:../proyecto.c ****         			case 0x2:lcd_putWallpaper( OFERTAS3 );break;
 2032              		.loc 1 251 0
 2033 05dc B8009FE5 		ldr	r0, .L29+132
 2034 05e0 FEFFFFEB 		bl	lcd_putWallpaper
 2035 05e4 080000EA 		b	.L19
 2036              	.L23:
 252:../proyecto.c ****         			case 0x3:lcd_putWallpaper( OFERTAS4 );break;
 2037              		.loc 1 252 0
 2038 05e8 B0009FE5 		ldr	r0, .L29+136
 2039 05ec FEFFFFEB 		bl	lcd_putWallpaper
 2040 05f0 050000EA 		b	.L19
 2041              	.L24:
 253:../proyecto.c ****         			case 0x4:lcd_putWallpaper( OFERTAS5 );break;
 2042              		.loc 1 253 0
 2043 05f4 A8009FE5 		ldr	r0, .L29+140
 2044 05f8 FEFFFFEB 		bl	lcd_putWallpaper
 2045 05fc 020000EA 		b	.L19
 2046              	.L25:
 254:../proyecto.c ****         			case 0x5:lcd_putWallpaper( OFERTAS6 );break;
 2047              		.loc 1 254 0
 2048 0600 A0009FE5 		ldr	r0, .L29+144
 2049 0604 FEFFFFEB 		bl	lcd_putWallpaper
 2050 0608 0000A0E1 		mov	r0, r0	@ nop
 2051              	.L19:
 255:../proyecto.c ****                 	}
 256:../proyecto.c ****                 }
 257:../proyecto.c ****               }
 258:../proyecto.c **** 
 259:../proyecto.c ****         sw_delay_s(2);
 2052              		.loc 1 259 0
 2053 060c 0200A0E3 		mov	r0, #2
 2054 0610 FEFFFFEB 		bl	sw_delay_s
 260:../proyecto.c ****     }
 2055              		.loc 1 260 0
 2056 0614 C5FEFFEA 		b	.L27
 2057              	.L30:
 2058              		.align	2
 2059              	.L29:
 2060 0618 F4020000 		.word	C.3.5114
 2061 061c 00000000 		.word	publicidad
 2062 0620 00000000 		.word	publi
 2063 0624 C6F84B0C 		.word	206305478
 2064 0628 8EAF0100 		.word	110478
 2065 062c 00000000 		.word	.LC0
 2066 0630 14000000 		.word	.LC1
 2067 0634 20000000 		.word	.LC2
 2068 0638 2C000000 		.word	.LC3
 2069 063c 44000000 		.word	.LC4
 2070 0640 58000000 		.word	.LC5
 2071 0644 64000000 		.word	.LC6
 2072 0648 74000000 		.word	.LC7
 2073 064c 84000000 		.word	.LC8
 2074 0650 88000000 		.word	.LC9
 2075 0654 8C000000 		.word	.LC10
 2076 0658 0C000000 		.word	actualizar
 2077 065c 5603470C 		.word	205980502
 2078 0660 CE190200 		.word	137678
 2079 0664 A4000000 		.word	.LC11
 2080 0668 C4000000 		.word	.LC12
 2081 066c 24AD490C 		.word	206155044
 2082 0670 A24B0200 		.word	150434
 2083 0674 DC000000 		.word	.LC13
 2084 0678 FC000000 		.word	.LC14
 2085 067c 18010000 		.word	.LC15
 2086 0680 38010000 		.word	.LC16
 2087 0684 60010000 		.word	.LC17
 2088 0688 78010000 		.word	.LC18
 2089 068c 94010000 		.word	.LC19
 2090 0690 ABAAAA2A 		.word	715827883
 2091 0694 0000210C 		.word	203489280
 2092 0698 0000220C 		.word	203554816
 2093 069c 0000230C 		.word	203620352
 2094 06a0 0000240C 		.word	203685888
 2095 06a4 0000250C 		.word	203751424
 2096 06a8 0000260C 		.word	203816960
 2097              		.cfi_endproc
 2098              	.LFE0:
 2100              		.align	2
 2101              		.global	audios
 2103              	audios:
 2104              	.LFB1:
 261:../proyecto.c ****     return 0;
 262:../proyecto.c **** }
 263:../proyecto.c **** 
 264:../proyecto.c **** 
 265:../proyecto.c **** void audios(uint8 x){
 2105              		.loc 1 265 0
 2106              		.cfi_startproc
 2107              		@ Function supports interworking.
 2108              		@ args = 0, pretend = 0, frame = 8
 2109              		@ frame_needed = 1, uses_anonymous_args = 0
 2110 06ac 0DC0A0E1 		mov	ip, sp
 2111              	.LCFI2:
 2112              		.cfi_def_cfa_register 12
 2113 06b0 00D82DE9 		stmfd	sp!, {fp, ip, lr, pc}
 2114 06b4 04B04CE2 		sub	fp, ip, #4
 2115              		.cfi_offset 14, -8
 2116              		.cfi_offset 13, -12
 2117              		.cfi_offset 11, -16
 2118              	.LCFI3:
 2119              		.cfi_def_cfa 11, 4
 2120 06b8 08D04DE2 		sub	sp, sp, #8
 2121 06bc 0030A0E1 		mov	r3, r0
 2122 06c0 0D304BE5 		strb	r3, [fp, #-13]
 266:../proyecto.c **** 	switch( x ){
 2123              		.loc 1 266 0
 2124 06c4 0D305BE5 		ldrb	r3, [fp, #-13]	@ zero_extendqisi2
 2125 06c8 090053E3 		cmp	r3, #9
 2126 06cc 03F19F97 		ldrls	pc, [pc, r3, asl #2]
 2127 06d0 3B0000EA 		b	.L31
 2128              	.L43:
 2129 06d4 FC060000 		.word	.L33
 2130 06d8 10070000 		.word	.L34
 2131 06dc 24070000 		.word	.L35
 2132 06e0 38070000 		.word	.L36
 2133 06e4 4C070000 		.word	.L37
 2134 06e8 60070000 		.word	.L38
 2135 06ec 74070000 		.word	.L39
 2136 06f0 88070000 		.word	.L40
 2137 06f4 9C070000 		.word	.L41
 2138 06f8 B0070000 		.word	.L42
 2139              	.L33:
 267:../proyecto.c **** 	        			case 0x0:	 iis_play( GRAB_0, GRAB_0_SIZE, OFF );break;
 2140              		.loc 1 267 0
 2141 06fc 3105A0E3 		mov	r0, #205520896
 2142 0700 C8109FE5 		ldr	r1, .L44
 2143 0704 0020A0E3 		mov	r2, #0
 2144 0708 FEFFFFEB 		bl	iis_play
 2145 070c 2C0000EA 		b	.L31
 2146              	.L34:
 268:../proyecto.c **** 	        			case 0x1:	 iis_play( GRAB_1, GRAB_1_SIZE, OFF );break;
 2147              		.loc 1 268 0
 2148 0710 BC009FE5 		ldr	r0, .L44+4
 2149 0714 BC109FE5 		ldr	r1, .L44+8
 2150 0718 0020A0E3 		mov	r2, #0
 2151 071c FEFFFFEB 		bl	iis_play
 2152 0720 270000EA 		b	.L31
 2153              	.L35:
 269:../proyecto.c **** 	        			case 0x2:	 iis_play( GRAB_2, GRAB_2_SIZE, OFF );break;
 2154              		.loc 1 269 0
 2155 0724 B0009FE5 		ldr	r0, .L44+12
 2156 0728 A8109FE5 		ldr	r1, .L44+8
 2157 072c 0020A0E3 		mov	r2, #0
 2158 0730 FEFFFFEB 		bl	iis_play
 2159 0734 220000EA 		b	.L31
 2160              	.L36:
 270:../proyecto.c **** 	        			case 0x3:	 iis_play( GRAB_3, GRAB_3_SIZE, OFF );break;
 2161              		.loc 1 270 0
 2162 0738 A0009FE5 		ldr	r0, .L44+16
 2163 073c A0109FE5 		ldr	r1, .L44+20
 2164 0740 0020A0E3 		mov	r2, #0
 2165 0744 FEFFFFEB 		bl	iis_play
 2166 0748 1D0000EA 		b	.L31
 2167              	.L37:
 271:../proyecto.c **** 	        			case 0x4:	 iis_play( GRAB_4, GRAB_4_SIZE, OFF );break;
 2168              		.loc 1 271 0
 2169 074c 94009FE5 		ldr	r0, .L44+24
 2170 0750 94109FE5 		ldr	r1, .L44+28
 2171 0754 0020A0E3 		mov	r2, #0
 2172 0758 FEFFFFEB 		bl	iis_play
 2173 075c 180000EA 		b	.L31
 2174              	.L38:
 272:../proyecto.c **** 	        			case 0x5:	 iis_play( GRAB_5, GRAB_5_SIZE, OFF );break;
 2175              		.loc 1 272 0
 2176 0760 88009FE5 		ldr	r0, .L44+32
 2177 0764 88109FE5 		ldr	r1, .L44+36
 2178 0768 0020A0E3 		mov	r2, #0
 2179 076c FEFFFFEB 		bl	iis_play
 2180 0770 130000EA 		b	.L31
 2181              	.L39:
 273:../proyecto.c **** 	        			case 0x6:	 iis_play( GRAB_6, GRAB_6_SIZE, OFF );break;
 2182              		.loc 1 273 0
 2183 0774 7C009FE5 		ldr	r0, .L44+40
 2184 0778 7C109FE5 		ldr	r1, .L44+44
 2185 077c 0020A0E3 		mov	r2, #0
 2186 0780 FEFFFFEB 		bl	iis_play
 2187 0784 0E0000EA 		b	.L31
 2188              	.L40:
 274:../proyecto.c **** 	        			case 0x7:	 iis_play( GRAB_7, GRAB_7_SIZE, OFF );break;
 2189              		.loc 1 274 0
 2190 0788 70009FE5 		ldr	r0, .L44+48
 2191 078c 70109FE5 		ldr	r1, .L44+52
 2192 0790 0020A0E3 		mov	r2, #0
 2193 0794 FEFFFFEB 		bl	iis_play
 2194 0798 090000EA 		b	.L31
 2195              	.L41:
 275:../proyecto.c **** 	        			case 0x8:	 iis_play( GRAB_8, GRAB_8_SIZE, OFF );break;
 2196              		.loc 1 275 0
 2197 079c 64009FE5 		ldr	r0, .L44+56
 2198 07a0 64109FE5 		ldr	r1, .L44+60
 2199 07a4 0020A0E3 		mov	r2, #0
 2200 07a8 FEFFFFEB 		bl	iis_play
 2201 07ac 040000EA 		b	.L31
 2202              	.L42:
 276:../proyecto.c **** 	        			case 0x9:	 iis_play( GRAB_9, GRAB_9_SIZE, OFF );break;
 2203              		.loc 1 276 0
 2204 07b0 58009FE5 		ldr	r0, .L44+64
 2205 07b4 38109FE5 		ldr	r1, .L44+36
 2206 07b8 0020A0E3 		mov	r2, #0
 2207 07bc FEFFFFEB 		bl	iis_play
 2208 07c0 0000A0E1 		mov	r0, r0	@ nop
 2209              	.L31:
 277:../proyecto.c **** 	                	}
 278:../proyecto.c **** }
 2210              		.loc 1 278 0
 2211 07c4 0CD04BE2 		sub	sp, fp, #12
 2212 07c8 00689DE8 		ldmfd	sp, {fp, sp, lr}
 2213 07cc 1EFF2FE1 		bx	lr
 2214              	.L45:
 2215              		.align	2
 2216              	.L44:
 2217 07d0 14820000 		.word	33300
 2218 07d4 F0F2400C 		.word	205583088
 2219 07d8 CE700000 		.word	28878
 2220 07dc BE63410C 		.word	205611966
 2221 07e0 E017420C 		.word	205658080
 2222 07e4 22B40000 		.word	46114
 2223 07e8 82CE420C 		.word	205704834
 2224 07ec A2B60000 		.word	46754
 2225 07f0 508A430C 		.word	205752912
 2226 07f4 CEBB0000 		.word	48078
 2227 07f8 1E78440C 		.word	205813790
 2228 07fc AE9F0000 		.word	40878
 2229 0800 EC1A450C 		.word	205855468
 2230 0804 CEA20000 		.word	41678
 2231 0808 BABD450C 		.word	205897146
 2232 080c CE890000 		.word	35278
 2233 0810 8847460C 		.word	205932424
 2234              		.cfi_endproc
 2235              	.LFE1:
 2237              		.align	2
 2238              		.global	cajafree
 2240              	cajafree:
 2241              	.LFB2:
 279:../proyecto.c **** 
 280:../proyecto.c **** int cajafree(char Cajas []){
 2242              		.loc 1 280 0
 2243              		.cfi_startproc
 2244              		@ Function supports interworking.
 2245              		@ args = 0, pretend = 0, frame = 16
 2246              		@ frame_needed = 1, uses_anonymous_args = 0
 2247 0814 0DC0A0E1 		mov	ip, sp
 2248              	.LCFI4:
 2249              		.cfi_def_cfa_register 12
 2250 0818 00D82DE9 		stmfd	sp!, {fp, ip, lr, pc}
 2251 081c 04B04CE2 		sub	fp, ip, #4
 2252              		.cfi_offset 14, -8
 2253              		.cfi_offset 13, -12
 2254              		.cfi_offset 11, -16
 2255              	.LCFI5:
 2256              		.cfi_def_cfa 11, 4
 2257 0820 10D04DE2 		sub	sp, sp, #16
 2258 0824 18000BE5 		str	r0, [fp, #-24]
 281:../proyecto.c **** 	int i,x=11;
 2259              		.loc 1 281 0
 2260 0828 0B30A0E3 		mov	r3, #11
 2261 082c 14300BE5 		str	r3, [fp, #-20]
 282:../proyecto.c **** 	for(i=0;i < numCajas;i++){
 2262              		.loc 1 282 0
 2263 0830 0030A0E3 		mov	r3, #0
 2264 0834 10300BE5 		str	r3, [fp, #-16]
 2265 0838 0A0000EA 		b	.L47
 2266              	.L49:
 283:../proyecto.c **** 		if(Cajas[i] == 'O'){
 2267              		.loc 1 283 0
 2268 083c 10301BE5 		ldr	r3, [fp, #-16]
 2269 0840 18201BE5 		ldr	r2, [fp, #-24]
 2270 0844 033082E0 		add	r3, r2, r3
 2271 0848 0030D3E5 		ldrb	r3, [r3, #0]	@ zero_extendqisi2
 2272 084c 4F0053E3 		cmp	r3, #79
 2273 0850 0100001A 		bne	.L48
 284:../proyecto.c **** 			x = i;
 2274              		.loc 1 284 0
 2275 0854 10301BE5 		ldr	r3, [fp, #-16]
 2276 0858 14300BE5 		str	r3, [fp, #-20]
 2277              	.L48:
 282:../proyecto.c **** 	for(i=0;i < numCajas;i++){
 2278              		.loc 1 282 0
 2279 085c 10301BE5 		ldr	r3, [fp, #-16]
 2280 0860 013083E2 		add	r3, r3, #1
 2281 0864 10300BE5 		str	r3, [fp, #-16]
 2282              	.L47:
 282:../proyecto.c **** 	for(i=0;i < numCajas;i++){
 2283              		.loc 1 282 0 is_stmt 0 discriminator 1
 2284 0868 20309FE5 		ldr	r3, .L50
 2285 086c 003093E5 		ldr	r3, [r3, #0]
 2286 0870 10201BE5 		ldr	r2, [fp, #-16]
 2287 0874 030052E1 		cmp	r2, r3
 2288 0878 EFFFFFBA 		blt	.L49
 285:../proyecto.c **** 		}
 286:../proyecto.c **** 		}
 287:../proyecto.c **** 		return x;
 2289              		.loc 1 287 0 is_stmt 1
 2290 087c 14301BE5 		ldr	r3, [fp, #-20]
 288:../proyecto.c **** }
 2291              		.loc 1 288 0
 2292 0880 0300A0E1 		mov	r0, r3
 2293 0884 0CD04BE2 		sub	sp, fp, #12
 2294 0888 00689DE8 		ldmfd	sp, {fp, sp, lr}
 2295 088c 1EFF2FE1 		bx	lr
 2296              	.L51:
 2297              		.align	2
 2298              	.L50:
 2299 0890 00000000 		.word	numCajas
 2300              		.cfi_endproc
 2301              	.LFE2:
 2303              		.section	.rodata
 2304 01aa 0000     		.align	2
 2305              	.LC20:
 2306 01ac 46494C41 		.ascii	"FILA UNICA\000"
 2306      20554E49 
 2306      434100
 2307 01b7 00       		.align	2
 2308              	.LC21:
 2309 01b8 50726F67 		.ascii	"Programa que controla una fila unica\000"
 2309      72616D61 
 2309      20717565 
 2309      20636F6E 
 2309      74726F6C 
 2310 01dd 000000   		.align	2
 2311              	.LC22:
 2312 01e0 6C6F7320 		.ascii	"los clientes podran ir a 10 cajas. \000"
 2312      636C6965 
 2312      6E746573 
 2312      20706F64 
 2312      72616E20 
 2313              		.align	2
 2314              	.LC23:
 2315 0204 6C617320 		.ascii	"las cajas tienen 3 estados. \000"
 2315      63616A61 
 2315      73207469 
 2315      656E656E 
 2315      20332065 
 2316 0221 000000   		.align	2
 2317              	.LC24:
 2318 0224 41626965 		.ascii	"Abierta\000"
 2318      72746100 
 2319              		.align	2
 2320              	.LC25:
 2321 022c 43657272 		.ascii	"Cerrada\000"
 2321      61646100 
 2322              		.align	2
 2323              	.LC26:
 2324 0234 4F637570 		.ascii	"Ocupada\000"
 2324      61646100 
 2325              		.align	2
 2326              	.LC27:
 2327 023c 612B6E00 		.ascii	"a+n\000"
 2328              		.align	2
 2329              	.LC28:
 2330 0240 632B6E00 		.ascii	"c+n\000"
 2331              		.align	2
 2332              	.LC29:
 2333 0244 622B6E00 		.ascii	"b+n\000"
 2334              		.align	2
 2335              	.LC30:
 2336 0248 303C3D20 		.ascii	"0<= n <= 9\000"
 2336      6E203C3D 
 2336      203900
 2337 0253 00       		.align	2
 2338              	.LC31:
 2339 0254 4C412045 		.ascii	"LA E ACTIVA Y DESACTIVA CLIENTES\000"
 2339      20414354 
 2339      49564120 
 2339      59204445 
 2339      53414354 
 2340 0275 000000   		.align	2
 2341              	.LC32:
 2342 0278 50726F67 		.ascii	"Programa realizado por:\000"
 2342      72616D61 
 2342      20726561 
 2342      6C697A61 
 2342      646F2070 
 2343              		.align	2
 2344              	.LC33:
 2345 0290 5061626C 		.ascii	"Pablo Saro y Gonzalo Fernandez\000"
 2345      6F205361 
 2345      726F2079 
 2345      20476F6E 
 2345      7A616C6F 
 2346              		.text
 2347              		.align	2
 2348              		.global	pintar_Menu
 2350              	pintar_Menu:
 2351              	.LFB3:
 289:../proyecto.c **** void pintar_Menu( void ){
 2352              		.loc 1 289 0
 2353              		.cfi_startproc
 2354              		@ Function supports interworking.
 2355              		@ args = 0, pretend = 0, frame = 0
 2356              		@ frame_needed = 1, uses_anonymous_args = 0
 2357 0894 0DC0A0E1 		mov	ip, sp
 2358              	.LCFI6:
 2359              		.cfi_def_cfa_register 12
 2360 0898 00D82DE9 		stmfd	sp!, {fp, ip, lr, pc}
 2361 089c 04B04CE2 		sub	fp, ip, #4
 2362              		.cfi_offset 14, -8
 2363              		.cfi_offset 13, -12
 2364              		.cfi_offset 11, -16
 2365              	.LCFI7:
 2366              		.cfi_def_cfa 11, 4
 2367 08a0 08D04DE2 		sub	sp, sp, #8
 290:../proyecto.c **** 	lcd_clear();
 2368              		.loc 1 290 0
 2369 08a4 FEFFFFEB 		bl	lcd_clear
 291:../proyecto.c **** 	lcd_on();
 2370              		.loc 1 291 0
 2371 08a8 FEFFFFEB 		bl	lcd_on
 292:../proyecto.c ****     lcd_draw_box( 10, 10, 310, 230, BLACK, 5 );
 2372              		.loc 1 292 0
 2373 08ac 0F30A0E3 		mov	r3, #15
 2374 08b0 00308DE5 		str	r3, [sp, #0]
 2375 08b4 0530A0E3 		mov	r3, #5
 2376 08b8 04308DE5 		str	r3, [sp, #4]
 2377 08bc 0A00A0E3 		mov	r0, #10
 2378 08c0 0A10A0E3 		mov	r1, #10
 2379 08c4 64219FE5 		ldr	r2, .L53
 2380 08c8 E630A0E3 		mov	r3, #230
 2381 08cc FEFFFFEB 		bl	lcd_draw_box
 293:../proyecto.c ****     lcd_puts_x2( 85, 20 , BLACK, "FILA UNICA" );
 2382              		.loc 1 293 0
 2383 08d0 5500A0E3 		mov	r0, #85
 2384 08d4 1410A0E3 		mov	r1, #20
 2385 08d8 0F20A0E3 		mov	r2, #15
 2386 08dc 50319FE5 		ldr	r3, .L53+4
 2387 08e0 FEFFFFEB 		bl	lcd_puts_x2
 294:../proyecto.c ****     lcd_puts( 20, 50, BLACK , "Programa que controla una fila unica" );
 2388              		.loc 1 294 0
 2389 08e4 1400A0E3 		mov	r0, #20
 2390 08e8 3210A0E3 		mov	r1, #50
 2391 08ec 0F20A0E3 		mov	r2, #15
 2392 08f0 40319FE5 		ldr	r3, .L53+8
 2393 08f4 FEFFFFEB 		bl	lcd_puts
 295:../proyecto.c ****     lcd_puts( 20, 66, BLACK , "los clientes podran ir a 10 cajas. " );
 2394              		.loc 1 295 0
 2395 08f8 1400A0E3 		mov	r0, #20
 2396 08fc 4210A0E3 		mov	r1, #66
 2397 0900 0F20A0E3 		mov	r2, #15
 2398 0904 30319FE5 		ldr	r3, .L53+12
 2399 0908 FEFFFFEB 		bl	lcd_puts
 296:../proyecto.c ****     lcd_puts( 20, 82, BLACK , "las cajas tienen 3 estados. " );
 2400              		.loc 1 296 0
 2401 090c 1400A0E3 		mov	r0, #20
 2402 0910 5210A0E3 		mov	r1, #82
 2403 0914 0F20A0E3 		mov	r2, #15
 2404 0918 20319FE5 		ldr	r3, .L53+16
 2405 091c FEFFFFEB 		bl	lcd_puts
 297:../proyecto.c ****     lcd_puts( 40, 98, BLACK , "Abierta" );
 2406              		.loc 1 297 0
 2407 0920 2800A0E3 		mov	r0, #40
 2408 0924 6210A0E3 		mov	r1, #98
 2409 0928 0F20A0E3 		mov	r2, #15
 2410 092c 10319FE5 		ldr	r3, .L53+20
 2411 0930 FEFFFFEB 		bl	lcd_puts
 298:../proyecto.c ****     lcd_puts( 140, 98, BLACK , "Cerrada" );
 2412              		.loc 1 298 0
 2413 0934 8C00A0E3 		mov	r0, #140
 2414 0938 6210A0E3 		mov	r1, #98
 2415 093c 0F20A0E3 		mov	r2, #15
 2416 0940 00319FE5 		ldr	r3, .L53+24
 2417 0944 FEFFFFEB 		bl	lcd_puts
 299:../proyecto.c ****     lcd_puts( 230, 98, BLACK , "Ocupada" );
 2418              		.loc 1 299 0
 2419 0948 E600A0E3 		mov	r0, #230
 2420 094c 6210A0E3 		mov	r1, #98
 2421 0950 0F20A0E3 		mov	r2, #15
 2422 0954 F0309FE5 		ldr	r3, .L53+28
 2423 0958 FEFFFFEB 		bl	lcd_puts
 300:../proyecto.c ****     lcd_putchar_x2( 56, 114, BLACK , 'O' );
 2424              		.loc 1 300 0
 2425 095c 3800A0E3 		mov	r0, #56
 2426 0960 7210A0E3 		mov	r1, #114
 2427 0964 0F20A0E3 		mov	r2, #15
 2428 0968 4F30A0E3 		mov	r3, #79
 2429 096c FEFFFFEB 		bl	lcd_putchar_x2
 301:../proyecto.c ****     lcd_putchar_x2( 156, 114, BLACK , 'C' );
 2430              		.loc 1 301 0
 2431 0970 9C00A0E3 		mov	r0, #156
 2432 0974 7210A0E3 		mov	r1, #114
 2433 0978 0F20A0E3 		mov	r2, #15
 2434 097c 4330A0E3 		mov	r3, #67
 2435 0980 FEFFFFEB 		bl	lcd_putchar_x2
 302:../proyecto.c ****     lcd_putchar_x2( 246, 114, BLACK , 'X' );
 2436              		.loc 1 302 0
 2437 0984 F600A0E3 		mov	r0, #246
 2438 0988 7210A0E3 		mov	r1, #114
 2439 098c 0F20A0E3 		mov	r2, #15
 2440 0990 5830A0E3 		mov	r3, #88
 2441 0994 FEFFFFEB 		bl	lcd_putchar_x2
 303:../proyecto.c ****     lcd_puts( 51, 146, BLACK , "a+n");
 2442              		.loc 1 303 0
 2443 0998 3300A0E3 		mov	r0, #51
 2444 099c 9210A0E3 		mov	r1, #146
 2445 09a0 0F20A0E3 		mov	r2, #15
 2446 09a4 A4309FE5 		ldr	r3, .L53+32
 2447 09a8 FEFFFFEB 		bl	lcd_puts
 304:../proyecto.c ****     lcd_puts( 151, 146, BLACK , "c+n");
 2448              		.loc 1 304 0
 2449 09ac 9700A0E3 		mov	r0, #151
 2450 09b0 9210A0E3 		mov	r1, #146
 2451 09b4 0F20A0E3 		mov	r2, #15
 2452 09b8 94309FE5 		ldr	r3, .L53+36
 2453 09bc FEFFFFEB 		bl	lcd_puts
 305:../proyecto.c ****     lcd_puts( 241, 146, BLACK , "b+n");
 2454              		.loc 1 305 0
 2455 09c0 F100A0E3 		mov	r0, #241
 2456 09c4 9210A0E3 		mov	r1, #146
 2457 09c8 0F20A0E3 		mov	r2, #15
 2458 09cc 84309FE5 		ldr	r3, .L53+40
 2459 09d0 FEFFFFEB 		bl	lcd_puts
 306:../proyecto.c ****     lcd_puts( 110, 162, BLACK , "0<= n <= 9" );
 2460              		.loc 1 306 0
 2461 09d4 6E00A0E3 		mov	r0, #110
 2462 09d8 A210A0E3 		mov	r1, #162
 2463 09dc 0F20A0E3 		mov	r2, #15
 2464 09e0 74309FE5 		ldr	r3, .L53+44
 2465 09e4 FEFFFFEB 		bl	lcd_puts
 307:../proyecto.c ****     lcd_puts( 20, 178, BLACK , "LA E ACTIVA Y DESACTIVA CLIENTES" );
 2466              		.loc 1 307 0
 2467 09e8 1400A0E3 		mov	r0, #20
 2468 09ec B210A0E3 		mov	r1, #178
 2469 09f0 0F20A0E3 		mov	r2, #15
 2470 09f4 64309FE5 		ldr	r3, .L53+48
 2471 09f8 FEFFFFEB 		bl	lcd_puts
 308:../proyecto.c ****     lcd_puts( 20, 199, DARKGRAY , "Programa realizado por:" );
 2472              		.loc 1 308 0
 2473 09fc 1400A0E3 		mov	r0, #20
 2474 0a00 C710A0E3 		mov	r1, #199
 2475 0a04 0A20A0E3 		mov	r2, #10
 2476 0a08 54309FE5 		ldr	r3, .L53+52
 2477 0a0c FEFFFFEB 		bl	lcd_puts
 309:../proyecto.c ****     lcd_puts( 20, 215, DARKGRAY , "Pablo Saro y Gonzalo Fernandez" );
 2478              		.loc 1 309 0
 2479 0a10 1400A0E3 		mov	r0, #20
 2480 0a14 D710A0E3 		mov	r1, #215
 2481 0a18 0A20A0E3 		mov	r2, #10
 2482 0a1c 44309FE5 		ldr	r3, .L53+56
 2483 0a20 FEFFFFEB 		bl	lcd_puts
 310:../proyecto.c **** }
 2484              		.loc 1 310 0
 2485 0a24 0CD04BE2 		sub	sp, fp, #12
 2486 0a28 00689DE8 		ldmfd	sp, {fp, sp, lr}
 2487 0a2c 1EFF2FE1 		bx	lr
 2488              	.L54:
 2489              		.align	2
 2490              	.L53:
 2491 0a30 36010000 		.word	310
 2492 0a34 AC010000 		.word	.LC20
 2493 0a38 B8010000 		.word	.LC21
 2494 0a3c E0010000 		.word	.LC22
 2495 0a40 04020000 		.word	.LC23
 2496 0a44 24020000 		.word	.LC24
 2497 0a48 2C020000 		.word	.LC25
 2498 0a4c 34020000 		.word	.LC26
 2499 0a50 3C020000 		.word	.LC27
 2500 0a54 40020000 		.word	.LC28
 2501 0a58 44020000 		.word	.LC29
 2502 0a5c 48020000 		.word	.LC30
 2503 0a60 54020000 		.word	.LC31
 2504 0a64 78020000 		.word	.LC32
 2505 0a68 90020000 		.word	.LC33
 2506              		.cfi_endproc
 2507              	.LFE3:
 2509              		.section	.rodata
 2510 02af 00       		.align	2
 2511              	.LC34:
 2512 02b0 50415345 		.ascii	"PASE A\000"
 2512      204100
 2513 02b7 00       		.align	2
 2514              	.LC35:
 2515 02b8 53452043 		.ascii	"SE CIERRA\000"
 2515      49455252 
 2515      4100
 2516 02c2 0000     		.align	2
 2517              	.LC36:
 2518 02c4 53452041 		.ascii	"SE ABRE\000"
 2518      42524500 
 2519              		.align	2
 2520              	.LC37:
 2521 02cc 5345204C 		.ascii	"SE LIBERA\000"
 2521      49424552 
 2521      4100
 2522 02d6 0000     		.align	2
 2523              	.LC38:
 2524 02d8 4C412043 		.ascii	"LA CAJA\000"
 2524      414A4100 
 2525              		.text
 2526              		.align	2
 2527              		.global	mensaje
 2529              	mensaje:
 2530              	.LFB4:
 311:../proyecto.c **** 
 312:../proyecto.c **** void mensaje(int8 num, uint8 x){
 2531              		.loc 1 312 0
 2532              		.cfi_startproc
 2533              		@ Function supports interworking.
 2534              		@ args = 0, pretend = 0, frame = 8
 2535              		@ frame_needed = 1, uses_anonymous_args = 0
 2536 0a6c 0DC0A0E1 		mov	ip, sp
 2537              	.LCFI8:
 2538              		.cfi_def_cfa_register 12
 2539 0a70 00D82DE9 		stmfd	sp!, {fp, ip, lr, pc}
 2540 0a74 04B04CE2 		sub	fp, ip, #4
 2541              		.cfi_offset 14, -8
 2542              		.cfi_offset 13, -12
 2543              		.cfi_offset 11, -16
 2544              	.LCFI9:
 2545              		.cfi_def_cfa 11, 4
 2546 0a78 10D04DE2 		sub	sp, sp, #16
 2547 0a7c 0020A0E1 		mov	r2, r0
 2548 0a80 0130A0E1 		mov	r3, r1
 2549 0a84 0D204BE5 		strb	r2, [fp, #-13]
 2550 0a88 0E304BE5 		strb	r3, [fp, #-14]
 313:../proyecto.c **** 	lcd_clear();
 2551              		.loc 1 313 0
 2552 0a8c FEFFFFEB 		bl	lcd_clear
 314:../proyecto.c **** 	lcd_on();
 2553              		.loc 1 314 0
 2554 0a90 FEFFFFEB 		bl	lcd_on
 315:../proyecto.c **** 	lcd_draw_box( 10, 10, 310, 230, BLACK, 5 );
 2555              		.loc 1 315 0
 2556 0a94 0F30A0E3 		mov	r3, #15
 2557 0a98 00308DE5 		str	r3, [sp, #0]
 2558 0a9c 0530A0E3 		mov	r3, #5
 2559 0aa0 04308DE5 		str	r3, [sp, #4]
 2560 0aa4 0A00A0E3 		mov	r0, #10
 2561 0aa8 0A10A0E3 		mov	r1, #10
 2562 0aac DC209FE5 		ldr	r2, .L62
 2563 0ab0 E630A0E3 		mov	r3, #230
 2564 0ab4 FEFFFFEB 		bl	lcd_draw_box
 316:../proyecto.c **** 	switch( num ){
 2565              		.loc 1 316 0
 2566 0ab8 DD305BE1 		ldrsb	r3, [fp, #-13]
 2567 0abc 030053E3 		cmp	r3, #3
 2568 0ac0 03F19F97 		ldrls	pc, [pc, r3, asl #2]
 2569 0ac4 1B0000EA 		b	.L56
 2570              	.L61:
 2571 0ac8 D80A0000 		.word	.L57
 2572 0acc F00A0000 		.word	.L58
 2573 0ad0 080B0000 		.word	.L59
 2574 0ad4 200B0000 		.word	.L60
 2575              	.L57:
 317:../proyecto.c **** 	 case 0x0:	 lcd_puts_x2( 115, 20 , BLACK, "PASE A" );break;
 2576              		.loc 1 317 0
 2577 0ad8 7300A0E3 		mov	r0, #115
 2578 0adc 1410A0E3 		mov	r1, #20
 2579 0ae0 0F20A0E3 		mov	r2, #15
 2580 0ae4 A8309FE5 		ldr	r3, .L62+4
 2581 0ae8 FEFFFFEB 		bl	lcd_puts_x2
 2582 0aec 110000EA 		b	.L56
 2583              	.L58:
 318:../proyecto.c **** 	 case 0x1:	 lcd_puts_x2( 100, 20 , BLACK, "SE CIERRA" );break;
 2584              		.loc 1 318 0
 2585 0af0 6400A0E3 		mov	r0, #100
 2586 0af4 1410A0E3 		mov	r1, #20
 2587 0af8 0F20A0E3 		mov	r2, #15
 2588 0afc 94309FE5 		ldr	r3, .L62+8
 2589 0b00 FEFFFFEB 		bl	lcd_puts_x2
 2590 0b04 0B0000EA 		b	.L56
 2591              	.L59:
 319:../proyecto.c **** 	 case 0x2:	 lcd_puts_x2( 110, 20 , BLACK, "SE ABRE" );break;
 2592              		.loc 1 319 0
 2593 0b08 6E00A0E3 		mov	r0, #110
 2594 0b0c 1410A0E3 		mov	r1, #20
 2595 0b10 0F20A0E3 		mov	r2, #15
 2596 0b14 80309FE5 		ldr	r3, .L62+12
 2597 0b18 FEFFFFEB 		bl	lcd_puts_x2
 2598 0b1c 050000EA 		b	.L56
 2599              	.L60:
 320:../proyecto.c **** 	 case 0x3:	  lcd_puts_x2( 100, 20 , BLACK, "SE LIBERA" );break;
 2600              		.loc 1 320 0
 2601 0b20 6400A0E3 		mov	r0, #100
 2602 0b24 1410A0E3 		mov	r1, #20
 2603 0b28 0F20A0E3 		mov	r2, #15
 2604 0b2c 6C309FE5 		ldr	r3, .L62+16
 2605 0b30 FEFFFFEB 		bl	lcd_puts_x2
 2606 0b34 0000A0E1 		mov	r0, r0	@ nop
 2607              	.L56:
 321:../proyecto.c **** 	}
 322:../proyecto.c **** 
 323:../proyecto.c **** 	lcd_puts_x2( 110, 52 , BLACK, "LA CAJA" );
 2608              		.loc 1 323 0
 2609 0b38 6E00A0E3 		mov	r0, #110
 2610 0b3c 3410A0E3 		mov	r1, #52
 2611 0b40 0F20A0E3 		mov	r2, #15
 2612 0b44 58309FE5 		ldr	r3, .L62+20
 2613 0b48 FEFFFFEB 		bl	lcd_puts_x2
 324:../proyecto.c **** 	lcd_draw_box( 130, 95, 185, 140, BLACK, 5 );
 2614              		.loc 1 324 0
 2615 0b4c 0F30A0E3 		mov	r3, #15
 2616 0b50 00308DE5 		str	r3, [sp, #0]
 2617 0b54 0530A0E3 		mov	r3, #5
 2618 0b58 04308DE5 		str	r3, [sp, #4]
 2619 0b5c 8200A0E3 		mov	r0, #130
 2620 0b60 5F10A0E3 		mov	r1, #95
 2621 0b64 B920A0E3 		mov	r2, #185
 2622 0b68 8C30A0E3 		mov	r3, #140
 2623 0b6c FEFFFFEB 		bl	lcd_draw_box
 325:../proyecto.c **** 	lcd_putint_x2( 152, 104 , BLACK, x );
 2624              		.loc 1 325 0
 2625 0b70 0E305BE5 		ldrb	r3, [fp, #-14]	@ zero_extendqisi2
 2626 0b74 9800A0E3 		mov	r0, #152
 2627 0b78 6810A0E3 		mov	r1, #104
 2628 0b7c 0F20A0E3 		mov	r2, #15
 2629 0b80 FEFFFFEB 		bl	lcd_putint_x2
 326:../proyecto.c **** 
 327:../proyecto.c **** }
 2630              		.loc 1 327 0
 2631 0b84 0CD04BE2 		sub	sp, fp, #12
 2632 0b88 00689DE8 		ldmfd	sp, {fp, sp, lr}
 2633 0b8c 1EFF2FE1 		bx	lr
 2634              	.L63:
 2635              		.align	2
 2636              	.L62:
 2637 0b90 36010000 		.word	310
 2638 0b94 B0020000 		.word	.LC34
 2639 0b98 B8020000 		.word	.LC35
 2640 0b9c C4020000 		.word	.LC36
 2641 0ba0 CC020000 		.word	.LC37
 2642 0ba4 D8020000 		.word	.LC38
 2643              		.cfi_endproc
 2644              	.LFE4:
 2646              		.section	.rodata
 2647              		.align	2
 2648              	.LC39:
 2649 02e0 45535441 		.ascii	"ESTADO DE LAS CAJAS\000"
 2649      444F2044 
 2649      45204C41 
 2649      53204341 
 2649      4A415300 
 2650              		.text
 2651              		.align	2
 2652              		.global	pintar_Cajas
 2654              	pintar_Cajas:
 2655              	.LFB5:
 328:../proyecto.c **** 
 329:../proyecto.c **** 
 330:../proyecto.c **** 
 331:../proyecto.c **** void pintar_Cajas(char Cajas []){
 2656              		.loc 1 331 0
 2657              		.cfi_startproc
 2658              		@ Function supports interworking.
 2659              		@ args = 0, pretend = 0, frame = 16
 2660              		@ frame_needed = 1, uses_anonymous_args = 0
 2661 0ba8 0DC0A0E1 		mov	ip, sp
 2662              	.LCFI10:
 2663              		.cfi_def_cfa_register 12
 2664 0bac 00D82DE9 		stmfd	sp!, {fp, ip, lr, pc}
 2665 0bb0 04B04CE2 		sub	fp, ip, #4
 2666              		.cfi_offset 14, -8
 2667              		.cfi_offset 13, -12
 2668              		.cfi_offset 11, -16
 2669              	.LCFI11:
 2670              		.cfi_def_cfa 11, 4
 2671 0bb4 18D04DE2 		sub	sp, sp, #24
 2672 0bb8 18000BE5 		str	r0, [fp, #-24]
 332:../proyecto.c ****     lcd_clear();
 2673              		.loc 1 332 0
 2674 0bbc FEFFFFEB 		bl	lcd_clear
 333:../proyecto.c ****     lcd_on();
 2675              		.loc 1 333 0
 2676 0bc0 FEFFFFEB 		bl	lcd_on
 334:../proyecto.c **** 
 335:../proyecto.c ****     uint8 x =30, y = 50 ;
 2677              		.loc 1 335 0
 2678 0bc4 1E30A0E3 		mov	r3, #30
 2679 0bc8 0D304BE5 		strb	r3, [fp, #-13]
 2680 0bcc 3230A0E3 		mov	r3, #50
 2681 0bd0 0E304BE5 		strb	r3, [fp, #-14]
 336:../proyecto.c ****     uint8 i=0;
 2682              		.loc 1 336 0
 2683 0bd4 0030A0E3 		mov	r3, #0
 2684 0bd8 0F304BE5 		strb	r3, [fp, #-15]
 337:../proyecto.c **** 
 338:../proyecto.c ****     lcd_draw_box( 10, 10, 310, 230, BLACK, 5 );
 2685              		.loc 1 338 0
 2686 0bdc 0F30A0E3 		mov	r3, #15
 2687 0be0 00308DE5 		str	r3, [sp, #0]
 2688 0be4 0530A0E3 		mov	r3, #5
 2689 0be8 04308DE5 		str	r3, [sp, #4]
 2690 0bec 0A00A0E3 		mov	r0, #10
 2691 0bf0 0A10A0E3 		mov	r1, #10
 2692 0bf4 64219FE5 		ldr	r2, .L68
 2693 0bf8 E630A0E3 		mov	r3, #230
 2694 0bfc FEFFFFEB 		bl	lcd_draw_box
 339:../proyecto.c ****     lcd_puts( 75, 20, DARKGRAY , "ESTADO DE LAS CAJAS" );
 2695              		.loc 1 339 0
 2696 0c00 4B00A0E3 		mov	r0, #75
 2697 0c04 1410A0E3 		mov	r1, #20
 2698 0c08 0A20A0E3 		mov	r2, #10
 2699 0c0c 50319FE5 		ldr	r3, .L68+4
 2700 0c10 FEFFFFEB 		bl	lcd_puts
 340:../proyecto.c **** 
 341:../proyecto.c **** 
 342:../proyecto.c ****     for(;i < numCajas;i++){
 2701              		.loc 1 342 0
 2702 0c14 490000EA 		b	.L65
 2703              	.L67:
 343:../proyecto.c ****     	if (i == 5){
 2704              		.loc 1 343 0
 2705 0c18 0F305BE5 		ldrb	r3, [fp, #-15]	@ zero_extendqisi2
 2706 0c1c 050053E3 		cmp	r3, #5
 2707 0c20 0400001A 		bne	.L66
 344:../proyecto.c ****     		 x = 30;
 2708              		.loc 1 344 0
 2709 0c24 1E30A0E3 		mov	r3, #30
 2710 0c28 0D304BE5 		strb	r3, [fp, #-13]
 345:../proyecto.c ****     		 y += 90;
 2711              		.loc 1 345 0
 2712 0c2c 0E305BE5 		ldrb	r3, [fp, #-14]
 2713 0c30 5A3083E2 		add	r3, r3, #90
 2714 0c34 0E304BE5 		strb	r3, [fp, #-14]
 2715              	.L66:
 346:../proyecto.c ****     	}
 347:../proyecto.c ****     	lcd_putint( x+15, y, BLACK, i );
 2716              		.loc 1 347 0
 2717 0c38 0D305BE5 		ldrb	r3, [fp, #-13]	@ zero_extendqisi2
 2718 0c3c 0338A0E1 		mov	r3, r3, asl #16
 2719 0c40 2338A0E1 		mov	r3, r3, lsr #16
 2720 0c44 0F3083E2 		add	r3, r3, #15
 2721 0c48 0338A0E1 		mov	r3, r3, asl #16
 2722 0c4c 2318A0E1 		mov	r1, r3, lsr #16
 2723 0c50 0E305BE5 		ldrb	r3, [fp, #-14]	@ zero_extendqisi2
 2724 0c54 0338A0E1 		mov	r3, r3, asl #16
 2725 0c58 2328A0E1 		mov	r2, r3, lsr #16
 2726 0c5c 0F305BE5 		ldrb	r3, [fp, #-15]	@ zero_extendqisi2
 2727 0c60 0100A0E1 		mov	r0, r1
 2728 0c64 0210A0E1 		mov	r1, r2
 2729 0c68 0F20A0E3 		mov	r2, #15
 2730 0c6c FEFFFFEB 		bl	lcd_putint
 348:../proyecto.c ****     	lcd_draw_box( x, y+20, x+36, y+60, BLACK, 3 );
 2731              		.loc 1 348 0
 2732 0c70 0D305BE5 		ldrb	r3, [fp, #-13]	@ zero_extendqisi2
 2733 0c74 0338A0E1 		mov	r3, r3, asl #16
 2734 0c78 2308A0E1 		mov	r0, r3, lsr #16
 2735 0c7c 0E305BE5 		ldrb	r3, [fp, #-14]	@ zero_extendqisi2
 2736 0c80 0338A0E1 		mov	r3, r3, asl #16
 2737 0c84 2338A0E1 		mov	r3, r3, lsr #16
 2738 0c88 143083E2 		add	r3, r3, #20
 2739 0c8c 0338A0E1 		mov	r3, r3, asl #16
 2740 0c90 2318A0E1 		mov	r1, r3, lsr #16
 2741 0c94 0D305BE5 		ldrb	r3, [fp, #-13]	@ zero_extendqisi2
 2742 0c98 0338A0E1 		mov	r3, r3, asl #16
 2743 0c9c 2338A0E1 		mov	r3, r3, lsr #16
 2744 0ca0 243083E2 		add	r3, r3, #36
 2745 0ca4 0338A0E1 		mov	r3, r3, asl #16
 2746 0ca8 2328A0E1 		mov	r2, r3, lsr #16
 2747 0cac 0E305BE5 		ldrb	r3, [fp, #-14]	@ zero_extendqisi2
 2748 0cb0 0338A0E1 		mov	r3, r3, asl #16
 2749 0cb4 2338A0E1 		mov	r3, r3, lsr #16
 2750 0cb8 3C3083E2 		add	r3, r3, #60
 2751 0cbc 0338A0E1 		mov	r3, r3, asl #16
 2752 0cc0 2338A0E1 		mov	r3, r3, lsr #16
 2753 0cc4 0FC0A0E3 		mov	ip, #15
 2754 0cc8 00C08DE5 		str	ip, [sp, #0]
 2755 0ccc 03C0A0E3 		mov	ip, #3
 2756 0cd0 04C08DE5 		str	ip, [sp, #4]
 2757 0cd4 FEFFFFEB 		bl	lcd_draw_box
 349:../proyecto.c ****     	lcd_putchar_x2( x+12, y+25 , BLACK, Cajas[i] );
 2758              		.loc 1 349 0
 2759 0cd8 0D305BE5 		ldrb	r3, [fp, #-13]	@ zero_extendqisi2
 2760 0cdc 0338A0E1 		mov	r3, r3, asl #16
 2761 0ce0 2338A0E1 		mov	r3, r3, lsr #16
 2762 0ce4 0C3083E2 		add	r3, r3, #12
 2763 0ce8 0338A0E1 		mov	r3, r3, asl #16
 2764 0cec 2318A0E1 		mov	r1, r3, lsr #16
 2765 0cf0 0E305BE5 		ldrb	r3, [fp, #-14]	@ zero_extendqisi2
 2766 0cf4 0338A0E1 		mov	r3, r3, asl #16
 2767 0cf8 2338A0E1 		mov	r3, r3, lsr #16
 2768 0cfc 193083E2 		add	r3, r3, #25
 2769 0d00 0338A0E1 		mov	r3, r3, asl #16
 2770 0d04 2328A0E1 		mov	r2, r3, lsr #16
 2771 0d08 0F305BE5 		ldrb	r3, [fp, #-15]	@ zero_extendqisi2
 2772 0d0c 18001BE5 		ldr	r0, [fp, #-24]
 2773 0d10 033080E0 		add	r3, r0, r3
 2774 0d14 0030D3E5 		ldrb	r3, [r3, #0]	@ zero_extendqisi2
 2775 0d18 0100A0E1 		mov	r0, r1
 2776 0d1c 0210A0E1 		mov	r1, r2
 2777 0d20 0F20A0E3 		mov	r2, #15
 2778 0d24 FEFFFFEB 		bl	lcd_putchar_x2
 350:../proyecto.c ****     	x += 55;
 2779              		.loc 1 350 0
 2780 0d28 0D305BE5 		ldrb	r3, [fp, #-13]
 2781 0d2c 373083E2 		add	r3, r3, #55
 2782 0d30 0D304BE5 		strb	r3, [fp, #-13]
 342:../proyecto.c ****     for(;i < numCajas;i++){
 2783              		.loc 1 342 0
 2784 0d34 0F305BE5 		ldrb	r3, [fp, #-15]
 2785 0d38 013083E2 		add	r3, r3, #1
 2786 0d3c 0F304BE5 		strb	r3, [fp, #-15]
 2787              	.L65:
 342:../proyecto.c ****     for(;i < numCajas;i++){
 2788              		.loc 1 342 0 is_stmt 0 discriminator 1
 2789 0d40 0F205BE5 		ldrb	r2, [fp, #-15]	@ zero_extendqisi2
 2790 0d44 1C309FE5 		ldr	r3, .L68+8
 2791 0d48 003093E5 		ldr	r3, [r3, #0]
 2792 0d4c 030052E1 		cmp	r2, r3
 2793 0d50 B0FFFFBA 		blt	.L67
 351:../proyecto.c ****     	}
 352:../proyecto.c **** 	}
 2794              		.loc 1 352 0 is_stmt 1
 2795 0d54 0CD04BE2 		sub	sp, fp, #12
 2796 0d58 00689DE8 		ldmfd	sp, {fp, sp, lr}
 2797 0d5c 1EFF2FE1 		bx	lr
 2798              	.L69:
 2799              		.align	2
 2800              	.L68:
 2801 0d60 36010000 		.word	310
 2802 0d64 E0020000 		.word	.LC39
 2803 0d68 00000000 		.word	numCajas
 2804              		.cfi_endproc
 2805              	.LFE5:
 2807              		.section	.rodata
 2808              		.align	2
 2811              	C.3.5114:
 2812 02f4 43       		.byte	67
 2813 02f5 43       		.byte	67
 2814 02f6 43       		.byte	67
 2815 02f7 43       		.byte	67
 2816 02f8 43       		.byte	67
 2817 02f9 43       		.byte	67
 2818 02fa 43       		.byte	67
 2819 02fb 43       		.byte	67
 2820 02fc 43       		.byte	67
 2821 02fd 43       		.byte	67
 2822 02fe 0000     		.text
 2823              	.Letext0:
DEFINED SYMBOLS
                            *ABS*:00000000 proyecto.c
C:\Users\USUARI~1\AppData\Local\Temp\ccBPJILo.s:1428   .data:00000000 publicidad
C:\Users\USUARI~1\AppData\Local\Temp\ccBPJILo.s:1434   .data:00000004 numCajas
C:\Users\USUARI~1\AppData\Local\Temp\ccBPJILo.s:1431   .data:00000001 $d
C:\Users\USUARI~1\AppData\Local\Temp\ccBPJILo.s:1440   .data:00000008 TIEMPOCAJA
                            *COM*:00000001 publi
C:\Users\USUARI~1\AppData\Local\Temp\ccBPJILo.s:1445   .data:0000000c actualizar
C:\Users\USUARI~1\AppData\Local\Temp\ccBPJILo.s:1448   .rodata:00000000 $d
C:\Users\USUARI~1\AppData\Local\Temp\ccBPJILo.s:1509   .text:00000000 $a
C:\Users\USUARI~1\AppData\Local\Temp\ccBPJILo.s:1512   .text:00000000 main
C:\Users\USUARI~1\AppData\Local\Temp\ccBPJILo.s:2350   .text:00000894 pintar_Menu
C:\Users\USUARI~1\AppData\Local\Temp\ccBPJILo.s:2654   .text:00000ba8 pintar_Cajas
C:\Users\USUARI~1\AppData\Local\Temp\ccBPJILo.s:1693   .text:000001e0 $d
C:\Users\USUARI~1\AppData\Local\Temp\ccBPJILo.s:1700   .text:000001f4 $a
C:\Users\USUARI~1\AppData\Local\Temp\ccBPJILo.s:2529   .text:00000a6c mensaje
C:\Users\USUARI~1\AppData\Local\Temp\ccBPJILo.s:2103   .text:000006ac audios
C:\Users\USUARI~1\AppData\Local\Temp\ccBPJILo.s:2240   .text:00000814 cajafree
C:\Users\USUARI~1\AppData\Local\Temp\ccBPJILo.s:2015   .text:000005ac $d
C:\Users\USUARI~1\AppData\Local\Temp\ccBPJILo.s:2023   .text:000005c4 $a
C:\Users\USUARI~1\AppData\Local\Temp\ccBPJILo.s:2060   .text:00000618 $d
C:\Users\USUARI~1\AppData\Local\Temp\ccBPJILo.s:2811   .rodata:000002f4 C.3.5114
C:\Users\USUARI~1\AppData\Local\Temp\ccBPJILo.s:2100   .text:000006ac $a
C:\Users\USUARI~1\AppData\Local\Temp\ccBPJILo.s:2129   .text:000006d4 $d
C:\Users\USUARI~1\AppData\Local\Temp\ccBPJILo.s:2141   .text:000006fc $a
C:\Users\USUARI~1\AppData\Local\Temp\ccBPJILo.s:2217   .text:000007d0 $d
C:\Users\USUARI~1\AppData\Local\Temp\ccBPJILo.s:2237   .text:00000814 $a
C:\Users\USUARI~1\AppData\Local\Temp\ccBPJILo.s:2299   .text:00000890 $d
C:\Users\USUARI~1\AppData\Local\Temp\ccBPJILo.s:2347   .text:00000894 $a
C:\Users\USUARI~1\AppData\Local\Temp\ccBPJILo.s:2491   .text:00000a30 $d
C:\Users\USUARI~1\AppData\Local\Temp\ccBPJILo.s:2526   .text:00000a6c $a
C:\Users\USUARI~1\AppData\Local\Temp\ccBPJILo.s:2571   .text:00000ac8 $d
C:\Users\USUARI~1\AppData\Local\Temp\ccBPJILo.s:2577   .text:00000ad8 $a
C:\Users\USUARI~1\AppData\Local\Temp\ccBPJILo.s:2637   .text:00000b90 $d
C:\Users\USUARI~1\AppData\Local\Temp\ccBPJILo.s:2651   .text:00000ba8 $a
C:\Users\USUARI~1\AppData\Local\Temp\ccBPJILo.s:2801   .text:00000d60 $d
                     .debug_frame:00000010 $d

UNDEFINED SYMBOLS
sys_init
uart0_init
rtc_init
lcd_init
uda1341ts_init
iis_init
uda1341ts_setvol
iis_play
uart0_puts
uart0_getint
rtc_puttime
eventGenerator_init
any_event
get_event
uart0_putint
uart0_putchar
led_status
sw_delay_s
lcd_clear
lcd_on
lcd_putWallpaper
lcd_draw_box
lcd_puts_x2
lcd_puts
lcd_putchar_x2
lcd_putint_x2
lcd_putint
