   1              		.cpu arm7tdmi
   2              		.fpu softvfp
   3              		.eabi_attribute 20, 1
   4              		.eabi_attribute 21, 1
   5              		.eabi_attribute 23, 3
   6              		.eabi_attribute 24, 1
   7              		.eabi_attribute 25, 1
   8              		.eabi_attribute 26, 1
   9              		.eabi_attribute 30, 6
  10              		.eabi_attribute 18, 4
  11              		.file	"iis.c"
  21              	.Ltext0:
  22              		.file 1 "../src/iis.c"
 1899              	flag:
 1900 0000 00       		.space	1
 1901              	iomode:
 1902 0001 00       		.space	1
 1903              	play:
 1904 0002 00       		.space	1
 1905              		.text
 1906              		.align	2
 1907              		.global	iis_init
 1909              	iis_init:
 1910              	.LFB0:
   1:../src/iis.c  **** 
   2:../src/iis.c  **** #include <s3c44b0x.h>
   3:../src/iis.c  **** #include <s3cev40.h>
   4:../src/iis.c  **** #include <iis.h>
   5:../src/iis.c  **** #include <dma.h>
   6:../src/iis.c  **** 
   7:../src/iis.c  **** static void isr_bdma0( void ) __attribute__ ((interrupt ("IRQ")));
   8:../src/iis.c  **** 
   9:../src/iis.c  **** static uint8 flag;
  10:../src/iis.c  **** static uint8 iomode;
  11:../src/iis.c  **** static uint8 play;
  12:../src/iis.c  **** 
  13:../src/iis.c  **** void iis_init( uint8 mode )
  14:../src/iis.c  **** {
 1911              		.loc 1 14 0
 1912              		.cfi_startproc
 1913              		@ Function supports interworking.
 1914              		@ args = 0, pretend = 0, frame = 8
 1915              		@ frame_needed = 1, uses_anonymous_args = 0
 1916 0000 0DC0A0E1 		mov	ip, sp
 1917              	.LCFI0:
 1918              		.cfi_def_cfa_register 12
 1919 0004 00D82DE9 		stmfd	sp!, {fp, ip, lr, pc}
 1920 0008 04B04CE2 		sub	fp, ip, #4
 1921              		.cfi_offset 14, -8
 1922              		.cfi_offset 13, -12
 1923              		.cfi_offset 11, -16
 1924              	.LCFI1:
 1925              		.cfi_def_cfa 11, 4
 1926 000c 08D04DE2 		sub	sp, sp, #8
 1927 0010 0030A0E1 		mov	r3, r0
 1928 0014 0D304BE5 		strb	r3, [fp, #-13]
  15:../src/iis.c  ****     iomode = mode;
 1929              		.loc 1 15 0
 1930 0018 AC309FE5 		ldr	r3, .L4
 1931 001c 0D205BE5 		ldrb	r2, [fp, #-13]
 1932 0020 0020C3E5 		strb	r2, [r3, #0]
  16:../src/iis.c  **** 
  17:../src/iis.c  ****     if( mode == IIS_POLLING )
 1933              		.loc 1 17 0
 1934 0024 0D305BE5 		ldrb	r3, [fp, #-13]	@ zero_extendqisi2
 1935 0028 020053E3 		cmp	r3, #2
 1936 002c 0B00001A 		bne	.L2
  18:../src/iis.c  ****     {
  19:../src/iis.c  ****         IISPSR  = (7<<4) | 7;
 1937              		.loc 1 19 0
 1938 0030 98309FE5 		ldr	r3, .L4+4
 1939 0034 7720A0E3 		mov	r2, #119
 1940 0038 002083E5 		str	r2, [r3, #0]
  20:../src/iis.c  ****         IISMOD  = (1<<3) | 1 | (3 << 6);
 1941              		.loc 1 20 0
 1942 003c 90309FE5 		ldr	r3, .L4+8
 1943 0040 C920A0E3 		mov	r2, #201
 1944 0044 002083E5 		str	r2, [r3, #0]
  21:../src/iis.c  ****         IISFCON = (3<<8);
 1945              		.loc 1 21 0
 1946 0048 88309FE5 		ldr	r3, .L4+12
 1947 004c 032CA0E3 		mov	r2, #768
 1948 0050 002083E5 		str	r2, [r3, #0]
  22:../src/iis.c  ****         IISCON  = 3 ;
 1949              		.loc 1 22 0
 1950 0054 80309FE5 		ldr	r3, .L4+16
 1951 0058 0320A0E3 		mov	r2, #3
 1952 005c 002083E5 		str	r2, [r3, #0]
 1953              	.L2:
  23:../src/iis.c  ****     }
  24:../src/iis.c  ****     if( mode == IIS_DMA )
 1954              		.loc 1 24 0
 1955 0060 0D305BE5 		ldrb	r3, [fp, #-13]	@ zero_extendqisi2
 1956 0064 010053E3 		cmp	r3, #1
 1957 0068 1400001A 		bne	.L1
  25:../src/iis.c  ****     {
  26:../src/iis.c  ****         IISPSR  = (7<<4) | 7;
 1958              		.loc 1 26 0
 1959 006c 5C309FE5 		ldr	r3, .L4+4
 1960 0070 7720A0E3 		mov	r2, #119
 1961 0074 002083E5 		str	r2, [r3, #0]
  27:../src/iis.c  ****     	IISMOD  = (1<<3) | 1;
 1962              		.loc 1 27 0
 1963 0078 54309FE5 		ldr	r3, .L4+8
 1964 007c 0920A0E3 		mov	r2, #9
 1965 0080 002083E5 		str	r2, [r3, #0]
  28:../src/iis.c  ****         IISFCON = 0;
 1966              		.loc 1 28 0
 1967 0084 4C309FE5 		ldr	r3, .L4+12
 1968 0088 0020A0E3 		mov	r2, #0
 1969 008c 002083E5 		str	r2, [r3, #0]
  29:../src/iis.c  ****         IISCON  = 0;
 1970              		.loc 1 29 0
 1971 0090 44309FE5 		ldr	r3, .L4+16
 1972 0094 0020A0E3 		mov	r2, #0
 1973 0098 002083E5 		str	r2, [r3, #0]
  30:../src/iis.c  ****         bdma0_init();
 1974              		.loc 1 30 0
 1975 009c FEFFFFEB 		bl	bdma0_init
  31:../src/iis.c  ****         bdma0_open( isr_bdma0 );
 1976              		.loc 1 31 0
 1977 00a0 38009FE5 		ldr	r0, .L4+20
 1978 00a4 FEFFFFEB 		bl	bdma0_open
  32:../src/iis.c  ****         flag = OFF;
 1979              		.loc 1 32 0
 1980 00a8 34309FE5 		ldr	r3, .L4+24
 1981 00ac 0020A0E3 		mov	r2, #0
 1982 00b0 0020C3E5 		strb	r2, [r3, #0]
  33:../src/iis.c  ****         play = OFF;
 1983              		.loc 1 33 0
 1984 00b4 2C309FE5 		ldr	r3, .L4+28
 1985 00b8 0020A0E3 		mov	r2, #0
 1986 00bc 0020C3E5 		strb	r2, [r3, #0]
 1987              	.L1:
  34:../src/iis.c  ****     }
  35:../src/iis.c  **** }
 1988              		.loc 1 35 0
 1989 00c0 0CD04BE2 		sub	sp, fp, #12
 1990 00c4 00689DE8 		ldmfd	sp, {fp, sp, lr}
 1991 00c8 1EFF2FE1 		bx	lr
 1992              	.L5:
 1993              		.align	2
 1994              	.L4:
 1995 00cc 01000000 		.word	iomode
 1996 00d0 0880D101 		.word	30507016
 1997 00d4 0480D101 		.word	30507012
 1998 00d8 0C80D101 		.word	30507020
 1999 00dc 0080D101 		.word	30507008
 2000 00e0 00000000 		.word	isr_bdma0
 2001 00e4 00000000 		.word	flag
 2002 00e8 02000000 		.word	play
 2003              		.cfi_endproc
 2004              	.LFE0:
 2006              		.align	2
 2008              	isr_bdma0:
 2009              	.LFB1:
  36:../src/iis.c  **** 
  37:../src/iis.c  **** static void isr_bdma0( void )
  38:../src/iis.c  **** {
 2010              		.loc 1 38 0
 2011              		.cfi_startproc
 2012              		@ Interrupt Service Routine.
 2013              		@ args = 0, pretend = 0, frame = 0
 2014              		@ frame_needed = 1, uses_anonymous_args = 0
 2015 00ec 04C02DE5 		str	ip, [sp, #-4]!
 2016 00f0 0DC0A0E1 		mov	ip, sp
 2017              	.LCFI2:
 2018              		.cfi_def_cfa_register 12
 2019 00f4 0CD82DE9 		stmfd	sp!, {r2, r3, fp, ip, lr, pc}
 2020 00f8 04B04CE2 		sub	fp, ip, #4
 2021              		.cfi_offset 14, -8
 2022              		.cfi_offset 13, -12
 2023              		.cfi_offset 11, -16
 2024              		.cfi_offset 3, -20
 2025              		.cfi_offset 2, -24
 2026              	.LCFI3:
 2027              		.cfi_def_cfa 11, 4
  39:../src/iis.c  **** 	if(!(BDICNT0 & (1<<21) )){
 2028              		.loc 1 39 0
 2029 00fc 54309FE5 		ldr	r3, .L8
 2030 0100 003093E5 		ldr	r3, [r3, #0]
 2031 0104 023603E2 		and	r3, r3, #2097152
 2032 0108 000053E3 		cmp	r3, #0
 2033 010c 0400001A 		bne	.L7
  40:../src/iis.c  **** 		IISCON &= ~1;
 2034              		.loc 1 40 0
 2035 0110 44309FE5 		ldr	r3, .L8+4
 2036 0114 40209FE5 		ldr	r2, .L8+4
 2037 0118 002092E5 		ldr	r2, [r2, #0]
 2038 011c 0120C2E3 		bic	r2, r2, #1
 2039 0120 002083E5 		str	r2, [r3, #0]
 2040              	.L7:
  41:../src/iis.c  **** 	}
  42:../src/iis.c  **** 
  43:../src/iis.c  ****     flag = OFF;
 2041              		.loc 1 43 0
 2042 0124 34309FE5 		ldr	r3, .L8+8
 2043 0128 0020A0E3 		mov	r2, #0
 2044 012c 0020C3E5 		strb	r2, [r3, #0]
  44:../src/iis.c  ****     play = OFF;
 2045              		.loc 1 44 0
 2046 0130 2C309FE5 		ldr	r3, .L8+12
 2047 0134 0020A0E3 		mov	r2, #0
 2048 0138 0020C3E5 		strb	r2, [r3, #0]
  45:../src/iis.c  ****     I_ISPC = BIT_BDMA0; 
 2049              		.loc 1 45 0
 2050 013c 24309FE5 		ldr	r3, .L8+16
 2051 0140 0228A0E3 		mov	r2, #131072
 2052 0144 002083E5 		str	r2, [r3, #0]
  46:../src/iis.c  **** }
 2053              		.loc 1 46 0
 2054 0148 14D04BE2 		sub	sp, fp, #20
 2055 014c 0C689DE8 		ldmfd	sp, {r2, r3, fp, sp, lr}
 2056 0150 04C09DE4 		ldmfd	sp!, {ip}
 2057 0154 04F05EE2 		subs	pc, lr, #4
 2058              	.L9:
 2059              		.align	2
 2060              	.L8:
 2061 0158 0C00F801 		.word	33030156
 2062 015c 0080D101 		.word	30507008
 2063 0160 00000000 		.word	flag
 2064 0164 02000000 		.word	play
 2065 0168 2400E001 		.word	31457316
 2066              		.cfi_endproc
 2067              	.LFE1:
 2069              		.align	2
 2070              		.global	iis_putSample
 2072              	iis_putSample:
 2073              	.LFB2:
  47:../src/iis.c  **** 
  48:../src/iis.c  **** 
  49:../src/iis.c  **** inline void iis_putSample( int16 ch0, int16 ch1 )
  50:../src/iis.c  **** {
 2074              		.loc 1 50 0
 2075              		.cfi_startproc
 2076              		@ Function supports interworking.
 2077              		@ args = 0, pretend = 0, frame = 8
 2078              		@ frame_needed = 1, uses_anonymous_args = 0
 2079 016c 0DC0A0E1 		mov	ip, sp
 2080              	.LCFI4:
 2081              		.cfi_def_cfa_register 12
 2082 0170 00D82DE9 		stmfd	sp!, {fp, ip, lr, pc}
 2083 0174 04B04CE2 		sub	fp, ip, #4
 2084              		.cfi_offset 14, -8
 2085              		.cfi_offset 13, -12
 2086              		.cfi_offset 11, -16
 2087              	.LCFI5:
 2088              		.cfi_def_cfa 11, 4
 2089 0178 08D04DE2 		sub	sp, sp, #8
 2090 017c 0020A0E1 		mov	r2, r0
 2091 0180 0130A0E1 		mov	r3, r1
 2092 0184 BE204BE1 		strh	r2, [fp, #-14]	@ movhi
 2093 0188 B0314BE1 		strh	r3, [fp, #-16]	@ movhi
  51:../src/iis.c  **** 
  52:../src/iis.c  ****     while( ((IISFCON & (0xf0))>>4) > 6 );
 2094              		.loc 1 52 0
 2095 018c 0000A0E1 		mov	r0, r0	@ nop
 2096              	.L11:
 2097              		.loc 1 52 0 is_stmt 0 discriminator 1
 2098 0190 34309FE5 		ldr	r3, .L12
 2099 0194 003093E5 		ldr	r3, [r3, #0]
 2100 0198 F03003E2 		and	r3, r3, #240
 2101 019c 2332A0E1 		mov	r3, r3, lsr #4
 2102 01a0 060053E3 		cmp	r3, #6
 2103 01a4 F9FFFF8A 		bhi	.L11
  53:../src/iis.c  ****     IISFIF = ch0;
 2104              		.loc 1 53 0 is_stmt 1
 2105 01a8 20309FE5 		ldr	r3, .L12+4
 2106 01ac FE205BE1 		ldrsh	r2, [fp, #-14]
 2107 01b0 002083E5 		str	r2, [r3, #0]
  54:../src/iis.c  ****     IISFIF = ch1;
 2108              		.loc 1 54 0
 2109 01b4 14309FE5 		ldr	r3, .L12+4
 2110 01b8 F0215BE1 		ldrsh	r2, [fp, #-16]
 2111 01bc 002083E5 		str	r2, [r3, #0]
  55:../src/iis.c  **** }
 2112              		.loc 1 55 0
 2113 01c0 0CD04BE2 		sub	sp, fp, #12
 2114 01c4 00689DE8 		ldmfd	sp, {fp, sp, lr}
 2115 01c8 1EFF2FE1 		bx	lr
 2116              	.L13:
 2117              		.align	2
 2118              	.L12:
 2119 01cc 0C80D101 		.word	30507020
 2120 01d0 1080D101 		.word	30507024
 2121              		.cfi_endproc
 2122              	.LFE2:
 2124              		.align	2
 2125              		.global	iis_getSample
 2127              	iis_getSample:
 2128              	.LFB3:
  56:../src/iis.c  **** 
  57:../src/iis.c  **** 
  58:../src/iis.c  **** inline void iis_getSample( int16 *ch0, int16 *ch1 )
  59:../src/iis.c  **** {
 2129              		.loc 1 59 0
 2130              		.cfi_startproc
 2131              		@ Function supports interworking.
 2132              		@ args = 0, pretend = 0, frame = 8
 2133              		@ frame_needed = 1, uses_anonymous_args = 0
 2134 01d4 0DC0A0E1 		mov	ip, sp
 2135              	.LCFI6:
 2136              		.cfi_def_cfa_register 12
 2137 01d8 00D82DE9 		stmfd	sp!, {fp, ip, lr, pc}
 2138 01dc 04B04CE2 		sub	fp, ip, #4
 2139              		.cfi_offset 14, -8
 2140              		.cfi_offset 13, -12
 2141              		.cfi_offset 11, -16
 2142              	.LCFI7:
 2143              		.cfi_def_cfa 11, 4
 2144 01e0 08D04DE2 		sub	sp, sp, #8
 2145 01e4 10000BE5 		str	r0, [fp, #-16]
 2146 01e8 14100BE5 		str	r1, [fp, #-20]
  60:../src/iis.c  ****     while((IISFCON & 0xf) < 2 );
 2147              		.loc 1 60 0
 2148 01ec 0000A0E1 		mov	r0, r0	@ nop
 2149              	.L15:
 2150              		.loc 1 60 0 is_stmt 0 discriminator 1
 2151 01f0 48309FE5 		ldr	r3, .L16
 2152 01f4 003093E5 		ldr	r3, [r3, #0]
 2153 01f8 0F3003E2 		and	r3, r3, #15
 2154 01fc 010053E3 		cmp	r3, #1
 2155 0200 FAFFFF9A 		bls	.L15
  61:../src/iis.c  ****     *ch0 = IISFIF;
 2156              		.loc 1 61 0 is_stmt 1
 2157 0204 38309FE5 		ldr	r3, .L16+4
 2158 0208 003093E5 		ldr	r3, [r3, #0]
 2159 020c 0338A0E1 		mov	r3, r3, asl #16
 2160 0210 2328A0E1 		mov	r2, r3, lsr #16
 2161 0214 10301BE5 		ldr	r3, [fp, #-16]
 2162 0218 B020C3E1 		strh	r2, [r3, #0]	@ movhi
  62:../src/iis.c  ****     *ch1 = IISFIF;
 2163              		.loc 1 62 0
 2164 021c 20309FE5 		ldr	r3, .L16+4
 2165 0220 003093E5 		ldr	r3, [r3, #0]
 2166 0224 0338A0E1 		mov	r3, r3, asl #16
 2167 0228 2328A0E1 		mov	r2, r3, lsr #16
 2168 022c 14301BE5 		ldr	r3, [fp, #-20]
 2169 0230 B020C3E1 		strh	r2, [r3, #0]	@ movhi
  63:../src/iis.c  **** 
  64:../src/iis.c  **** }
 2170              		.loc 1 64 0
 2171 0234 0CD04BE2 		sub	sp, fp, #12
 2172 0238 00689DE8 		ldmfd	sp, {fp, sp, lr}
 2173 023c 1EFF2FE1 		bx	lr
 2174              	.L17:
 2175              		.align	2
 2176              	.L16:
 2177 0240 0C80D101 		.word	30507020
 2178 0244 1080D101 		.word	30507024
 2179              		.cfi_endproc
 2180              	.LFE3:
 2182              		.align	2
 2183              		.global	iis_play
 2185              	iis_play:
 2186              	.LFB4:
  65:../src/iis.c  **** 
  66:../src/iis.c  **** 
  67:../src/iis.c  **** 
  68:../src/iis.c  **** 
  69:../src/iis.c  **** 
  70:../src/iis.c  **** 
  71:../src/iis.c  **** void iis_play( int16 *buffer, uint32 length, uint8 loop )
  72:../src/iis.c  **** {
 2187              		.loc 1 72 0
 2188              		.cfi_startproc
 2189              		@ Function supports interworking.
 2190              		@ args = 0, pretend = 0, frame = 24
 2191              		@ frame_needed = 1, uses_anonymous_args = 0
 2192 0248 0DC0A0E1 		mov	ip, sp
 2193              	.LCFI8:
 2194              		.cfi_def_cfa_register 12
 2195 024c 00D82DE9 		stmfd	sp!, {fp, ip, lr, pc}
 2196 0250 04B04CE2 		sub	fp, ip, #4
 2197              		.cfi_offset 14, -8
 2198              		.cfi_offset 13, -12
 2199              		.cfi_offset 11, -16
 2200              	.LCFI9:
 2201              		.cfi_def_cfa 11, 4
 2202 0254 18D04DE2 		sub	sp, sp, #24
 2203 0258 18000BE5 		str	r0, [fp, #-24]
 2204 025c 1C100BE5 		str	r1, [fp, #-28]
 2205 0260 0230A0E1 		mov	r3, r2
 2206 0264 1D304BE5 		strb	r3, [fp, #-29]
  73:../src/iis.c  ****     uint32 i;
  74:../src/iis.c  ****     int16 ch1, ch2;
  75:../src/iis.c  **** 
  76:../src/iis.c  ****     if( iomode == IIS_POLLING ){
 2207              		.loc 1 76 0
 2208 0268 48319FE5 		ldr	r3, .L24
 2209 026c 0030D3E5 		ldrb	r3, [r3, #0]	@ zero_extendqisi2
 2210 0270 020053E3 		cmp	r3, #2
 2211 0274 1F00001A 		bne	.L19
  77:../src/iis.c  ****         for( i=0; i<length/2; )
 2212              		.loc 1 77 0
 2213 0278 0030A0E3 		mov	r3, #0
 2214 027c 10300BE5 		str	r3, [fp, #-16]
 2215 0280 160000EA 		b	.L20
 2216              	.L21:
  78:../src/iis.c  ****         {
  79:../src/iis.c  ****    ch1 = buffer[i++];
 2217              		.loc 1 79 0
 2218 0284 10301BE5 		ldr	r3, [fp, #-16]
 2219 0288 8330A0E1 		mov	r3, r3, asl #1
 2220 028c 18201BE5 		ldr	r2, [fp, #-24]
 2221 0290 033082E0 		add	r3, r2, r3
 2222 0294 B030D3E1 		ldrh	r3, [r3, #0]	@ movhi
 2223 0298 B2314BE1 		strh	r3, [fp, #-18]	@ movhi
 2224 029c 10301BE5 		ldr	r3, [fp, #-16]
 2225 02a0 013083E2 		add	r3, r3, #1
 2226 02a4 10300BE5 		str	r3, [fp, #-16]
  80:../src/iis.c  ****    ch2 = buffer[i++];
 2227              		.loc 1 80 0
 2228 02a8 10301BE5 		ldr	r3, [fp, #-16]
 2229 02ac 8330A0E1 		mov	r3, r3, asl #1
 2230 02b0 18201BE5 		ldr	r2, [fp, #-24]
 2231 02b4 033082E0 		add	r3, r2, r3
 2232 02b8 B030D3E1 		ldrh	r3, [r3, #0]	@ movhi
 2233 02bc B4314BE1 		strh	r3, [fp, #-20]	@ movhi
 2234 02c0 10301BE5 		ldr	r3, [fp, #-16]
 2235 02c4 013083E2 		add	r3, r3, #1
 2236 02c8 10300BE5 		str	r3, [fp, #-16]
  81:../src/iis.c  ****    iis_putSample( ch1, ch2 );
 2237              		.loc 1 81 0
 2238 02cc F2215BE1 		ldrsh	r2, [fp, #-18]
 2239 02d0 F4315BE1 		ldrsh	r3, [fp, #-20]
 2240 02d4 0200A0E1 		mov	r0, r2
 2241 02d8 0310A0E1 		mov	r1, r3
 2242 02dc FEFFFFEB 		bl	iis_putSample
 2243              	.L20:
  77:../src/iis.c  ****         for( i=0; i<length/2; )
 2244              		.loc 1 77 0 discriminator 1
 2245 02e0 1C301BE5 		ldr	r3, [fp, #-28]
 2246 02e4 A320A0E1 		mov	r2, r3, lsr #1
 2247 02e8 10301BE5 		ldr	r3, [fp, #-16]
 2248 02ec 030052E1 		cmp	r2, r3
 2249 02f0 E3FFFF8A 		bhi	.L21
  77:../src/iis.c  ****         for( i=0; i<length/2; )
 2250              		.loc 1 77 0 is_stmt 0
 2251 02f4 2C0000EA 		b	.L18
 2252              	.L19:
  82:../src/iis.c  ****         }
  83:../src/iis.c  ****     }
  84:../src/iis.c  ****     else if( iomode == IIS_DMA ){
 2253              		.loc 1 84 0 is_stmt 1
 2254 02f8 B8309FE5 		ldr	r3, .L24
 2255 02fc 0030D3E5 		ldrb	r3, [r3, #0]	@ zero_extendqisi2
 2256 0300 010053E3 		cmp	r3, #1
 2257 0304 2800001A 		bne	.L18
  85:../src/iis.c  ****     BDISRC0 = (1 << 30) | (1 << 28) | (uint32) buffer;
 2258              		.loc 1 85 0
 2259 0308 AC309FE5 		ldr	r3, .L24+4
 2260 030c 18201BE5 		ldr	r2, [fp, #-24]
 2261 0310 052282E3 		orr	r2, r2, #1342177280
 2262 0314 002083E5 		str	r2, [r3, #0]
  86:../src/iis.c  ****     BDIDES0 = (1 << 30) | (3 << 28) | (uint32) &IISFIF;
 2263              		.loc 1 86 0
 2264 0318 A0309FE5 		ldr	r3, .L24+8
 2265 031c A0209FE5 		ldr	r2, .L24+12
 2266 0320 002083E5 		str	r2, [r3, #0]
  87:../src/iis.c  ****     BDCON0 = 0;
 2267              		.loc 1 87 0
 2268 0324 7E37A0E3 		mov	r3, #33030144
 2269 0328 0020A0E3 		mov	r2, #0
 2270 032c 002083E5 		str	r2, [r3, #0]
  88:../src/iis.c  ****     BDICNT0 = (1 << 30) | (1 << 26) | (3 << 22) | (1 << 20) | length;
 2271              		.loc 1 88 0
 2272 0330 90209FE5 		ldr	r2, .L24+16
 2273 0334 1C301BE5 		ldr	r3, [fp, #-28]
 2274 0338 113383E3 		orr	r3, r3, #1140850688
 2275 033c 0D3683E3 		orr	r3, r3, #13631488
 2276 0340 003082E5 		str	r3, [r2, #0]
  89:../src/iis.c  ****     if(loop == 1){
 2277              		.loc 1 89 0
 2278 0344 1D305BE5 		ldrb	r3, [fp, #-29]	@ zero_extendqisi2
 2279 0348 010053E3 		cmp	r3, #1
 2280 034c 0400001A 		bne	.L23
  90:../src/iis.c  ****     	BDICNT0 |= (1<<21);
 2281              		.loc 1 90 0
 2282 0350 70309FE5 		ldr	r3, .L24+16
 2283 0354 6C209FE5 		ldr	r2, .L24+16
 2284 0358 002092E5 		ldr	r2, [r2, #0]
 2285 035c 022682E3 		orr	r2, r2, #2097152
 2286 0360 002083E5 		str	r2, [r3, #0]
 2287              	.L23:
  91:../src/iis.c  ****     }
  92:../src/iis.c  ****     IISMOD = (8 << 4) | 9;
 2288              		.loc 1 92 0
 2289 0364 60309FE5 		ldr	r3, .L24+20
 2290 0368 8920A0E3 		mov	r2, #137
 2291 036c 002083E5 		str	r2, [r3, #0]
  93:../src/iis.c  ****     IISFCON = (0xA << 8) | (IISFCON & 0xff);
 2292              		.loc 1 93 0
 2293 0370 58309FE5 		ldr	r3, .L24+24
 2294 0374 54209FE5 		ldr	r2, .L24+24
 2295 0378 002092E5 		ldr	r2, [r2, #0]
 2296 037c FF2002E2 		and	r2, r2, #255
 2297 0380 0A2C82E3 		orr	r2, r2, #2560
 2298 0384 002083E5 		str	r2, [r3, #0]
  94:../src/iis.c  ****     IISCON = (2 << 4) |7;
 2299              		.loc 1 94 0
 2300 0388 44309FE5 		ldr	r3, .L24+28
 2301 038c 2720A0E3 		mov	r2, #39
 2302 0390 002083E5 		str	r2, [r3, #0]
  95:../src/iis.c  ****     flag = ON;
 2303              		.loc 1 95 0
 2304 0394 3C309FE5 		ldr	r3, .L24+32
 2305 0398 0120A0E3 		mov	r2, #1
 2306 039c 0020C3E5 		strb	r2, [r3, #0]
  96:../src/iis.c  ****     play = ON;
 2307              		.loc 1 96 0
 2308 03a0 34309FE5 		ldr	r3, .L24+36
 2309 03a4 0120A0E3 		mov	r2, #1
 2310 03a8 0020C3E5 		strb	r2, [r3, #0]
 2311              	.L18:
  97:../src/iis.c  ****     }
  98:../src/iis.c  **** 
  99:../src/iis.c  **** }
 2312              		.loc 1 99 0
 2313 03ac 0CD04BE2 		sub	sp, fp, #12
 2314 03b0 00689DE8 		ldmfd	sp, {fp, sp, lr}
 2315 03b4 1EFF2FE1 		bx	lr
 2316              	.L25:
 2317              		.align	2
 2318              	.L24:
 2319 03b8 01000000 		.word	iomode
 2320 03bc 0400F801 		.word	33030148
 2321 03c0 0800F801 		.word	33030152
 2322 03c4 1080D171 		.word	1909555216
 2323 03c8 0C00F801 		.word	33030156
 2324 03cc 0480D101 		.word	30507012
 2325 03d0 0C80D101 		.word	30507020
 2326 03d4 0080D101 		.word	30507008
 2327 03d8 00000000 		.word	flag
 2328 03dc 02000000 		.word	play
 2329              		.cfi_endproc
 2330              	.LFE4:
 2332              		.align	2
 2333              		.global	iis_rec
 2335              	iis_rec:
 2336              	.LFB5:
 100:../src/iis.c  **** 
 101:../src/iis.c  **** 
 102:../src/iis.c  **** 
 103:../src/iis.c  **** void iis_rec( int16 *buffer, uint32 length )
 104:../src/iis.c  **** {
 2337              		.loc 1 104 0
 2338              		.cfi_startproc
 2339              		@ Function supports interworking.
 2340              		@ args = 0, pretend = 0, frame = 16
 2341              		@ frame_needed = 1, uses_anonymous_args = 0
 2342 03e0 0DC0A0E1 		mov	ip, sp
 2343              	.LCFI10:
 2344              		.cfi_def_cfa_register 12
 2345 03e4 00D82DE9 		stmfd	sp!, {fp, ip, lr, pc}
 2346 03e8 04B04CE2 		sub	fp, ip, #4
 2347              		.cfi_offset 14, -8
 2348              		.cfi_offset 13, -12
 2349              		.cfi_offset 11, -16
 2350              	.LCFI11:
 2351              		.cfi_def_cfa 11, 4
 2352 03ec 10D04DE2 		sub	sp, sp, #16
 2353 03f0 18000BE5 		str	r0, [fp, #-24]
 2354 03f4 1C100BE5 		str	r1, [fp, #-28]
 105:../src/iis.c  ****     uint32 i;
 106:../src/iis.c  ****     int16 ch1, ch2;
 107:../src/iis.c  **** 
 108:../src/iis.c  ****     if( iomode == IIS_POLLING ){
 2355              		.loc 1 108 0
 2356 03f8 30319FE5 		ldr	r3, .L33
 2357 03fc 0030D3E5 		ldrb	r3, [r3, #0]	@ zero_extendqisi2
 2358 0400 020053E3 		cmp	r3, #2
 2359 0404 1F00001A 		bne	.L27
 109:../src/iis.c  ****         for( i=0; i<length/2; )
 2360              		.loc 1 109 0
 2361 0408 0030A0E3 		mov	r3, #0
 2362 040c 10300BE5 		str	r3, [fp, #-16]
 2363 0410 160000EA 		b	.L28
 2364              	.L29:
 110:../src/iis.c  ****         {
 111:../src/iis.c  ****         iis_getSample( &ch1, &ch2 );
 2365              		.loc 1 111 0
 2366 0414 12204BE2 		sub	r2, fp, #18
 2367 0418 14304BE2 		sub	r3, fp, #20
 2368 041c 0200A0E1 		mov	r0, r2
 2369 0420 0310A0E1 		mov	r1, r3
 2370 0424 FEFFFFEB 		bl	iis_getSample
 112:../src/iis.c  ****         buffer[i++] = ch1;
 2371              		.loc 1 112 0
 2372 0428 10301BE5 		ldr	r3, [fp, #-16]
 2373 042c 8330A0E1 		mov	r3, r3, asl #1
 2374 0430 18201BE5 		ldr	r2, [fp, #-24]
 2375 0434 033082E0 		add	r3, r2, r3
 2376 0438 B2215BE1 		ldrh	r2, [fp, #-18]
 2377 043c B020C3E1 		strh	r2, [r3, #0]	@ movhi
 2378 0440 10301BE5 		ldr	r3, [fp, #-16]
 2379 0444 013083E2 		add	r3, r3, #1
 2380 0448 10300BE5 		str	r3, [fp, #-16]
 113:../src/iis.c  ****         buffer[i++] = ch2;
 2381              		.loc 1 113 0
 2382 044c 10301BE5 		ldr	r3, [fp, #-16]
 2383 0450 8330A0E1 		mov	r3, r3, asl #1
 2384 0454 18201BE5 		ldr	r2, [fp, #-24]
 2385 0458 033082E0 		add	r3, r2, r3
 2386 045c B4215BE1 		ldrh	r2, [fp, #-20]
 2387 0460 B020C3E1 		strh	r2, [r3, #0]	@ movhi
 2388 0464 10301BE5 		ldr	r3, [fp, #-16]
 2389 0468 013083E2 		add	r3, r3, #1
 2390 046c 10300BE5 		str	r3, [fp, #-16]
 2391              	.L28:
 109:../src/iis.c  ****         for( i=0; i<length/2; )
 2392              		.loc 1 109 0 discriminator 1
 2393 0470 1C301BE5 		ldr	r3, [fp, #-28]
 2394 0474 A320A0E1 		mov	r2, r3, lsr #1
 2395 0478 10301BE5 		ldr	r3, [fp, #-16]
 2396 047c 030052E1 		cmp	r2, r3
 2397 0480 E3FFFF8A 		bhi	.L29
 109:../src/iis.c  ****         for( i=0; i<length/2; )
 2398              		.loc 1 109 0 is_stmt 0
 2399 0484 260000EA 		b	.L26
 2400              	.L27:
 114:../src/iis.c  **** 
 115:../src/iis.c  ****         }
 116:../src/iis.c  ****     }
 117:../src/iis.c  ****     else if( iomode == IIS_DMA )
 2401              		.loc 1 117 0 is_stmt 1
 2402 0488 A0309FE5 		ldr	r3, .L33
 2403 048c 0030D3E5 		ldrb	r3, [r3, #0]	@ zero_extendqisi2
 2404 0490 010053E3 		cmp	r3, #1
 2405 0494 2200001A 		bne	.L26
 118:../src/iis.c  ****     {
 119:../src/iis.c  ****         while( flag != OFF ){
 2406              		.loc 1 119 0
 2407 0498 1D0000EA 		b	.L31
 2408              	.L32:
 120:../src/iis.c  ****         BDISRC0  = (1 << 30) | (3 << 28) | (uint32) &IISFIF;
 2409              		.loc 1 120 0
 2410 049c 90309FE5 		ldr	r3, .L33+4
 2411 04a0 90209FE5 		ldr	r2, .L33+8
 2412 04a4 002083E5 		str	r2, [r3, #0]
 121:../src/iis.c  ****         BDIDES0  = (2 << 30) | (1 << 28) | (uint32) buffer;      
 2413              		.loc 1 121 0
 2414 04a8 8C309FE5 		ldr	r3, .L33+12
 2415 04ac 18201BE5 		ldr	r2, [fp, #-24]
 2416 04b0 092282E3 		orr	r2, r2, #-1879048192
 2417 04b4 002083E5 		str	r2, [r3, #0]
 122:../src/iis.c  ****         BDCON0   = 0;
 2418              		.loc 1 122 0
 2419 04b8 7E37A0E3 		mov	r3, #33030144
 2420 04bc 0020A0E3 		mov	r2, #0
 2421 04c0 002083E5 		str	r2, [r3, #0]
 123:../src/iis.c  ****         BDICNT0  = (1 << 30) | (1 << 26) | (3 << 22) | (1 << 20) | length;
 2422              		.loc 1 123 0
 2423 04c4 74209FE5 		ldr	r2, .L33+16
 2424 04c8 1C301BE5 		ldr	r3, [fp, #-28]
 2425 04cc 113383E3 		orr	r3, r3, #1140850688
 2426 04d0 0D3683E3 		orr	r3, r3, #13631488
 2427 04d4 003082E5 		str	r3, [r2, #0]
 124:../src/iis.c  **** 
 125:../src/iis.c  ****         IISMOD  = (1<<3) | 1 |(1<<6);
 2428              		.loc 1 125 0
 2429 04d8 64309FE5 		ldr	r3, .L33+20
 2430 04dc 4920A0E3 		mov	r2, #73
 2431 04e0 002083E5 		str	r2, [r3, #0]
 126:../src/iis.c  ****         IISFCON = (5 << 8) | (IISFCON & 0xff);
 2432              		.loc 1 126 0
 2433 04e4 5C309FE5 		ldr	r3, .L33+24
 2434 04e8 58209FE5 		ldr	r2, .L33+24
 2435 04ec 002092E5 		ldr	r2, [r2, #0]
 2436 04f0 FF2002E2 		and	r2, r2, #255
 2437 04f4 052C82E3 		orr	r2, r2, #1280
 2438 04f8 002083E5 		str	r2, [r3, #0]
 127:../src/iis.c  ****         IISCON  = (1 << 4) | (1 << 3) | 3;
 2439              		.loc 1 127 0
 2440 04fc 48309FE5 		ldr	r3, .L33+28
 2441 0500 1B20A0E3 		mov	r2, #27
 2442 0504 002083E5 		str	r2, [r3, #0]
 128:../src/iis.c  ****         flag = ON;
 2443              		.loc 1 128 0
 2444 0508 40309FE5 		ldr	r3, .L33+32
 2445 050c 0120A0E3 		mov	r2, #1
 2446 0510 0020C3E5 		strb	r2, [r3, #0]
 2447              	.L31:
 119:../src/iis.c  ****         while( flag != OFF ){
 2448              		.loc 1 119 0 discriminator 1
 2449 0514 34309FE5 		ldr	r3, .L33+32
 2450 0518 0030D3E5 		ldrb	r3, [r3, #0]	@ zero_extendqisi2
 2451 051c 000053E3 		cmp	r3, #0
 2452 0520 DDFFFF1A 		bne	.L32
 2453              	.L26:
 129:../src/iis.c  ****         }
 130:../src/iis.c  ****     }
 131:../src/iis.c  **** }
 2454              		.loc 1 131 0
 2455 0524 0CD04BE2 		sub	sp, fp, #12
 2456 0528 00689DE8 		ldmfd	sp, {fp, sp, lr}
 2457 052c 1EFF2FE1 		bx	lr
 2458              	.L34:
 2459              		.align	2
 2460              	.L33:
 2461 0530 01000000 		.word	iomode
 2462 0534 0400F801 		.word	33030148
 2463 0538 1080D171 		.word	1909555216
 2464 053c 0800F801 		.word	33030152
 2465 0540 0C00F801 		.word	33030156
 2466 0544 0480D101 		.word	30507012
 2467 0548 0C80D101 		.word	30507020
 2468 054c 0080D101 		.word	30507008
 2469 0550 00000000 		.word	flag
 2470              		.cfi_endproc
 2471              	.LFE5:
 2473              		.align	2
 2474              		.global	iis_pause
 2476              	iis_pause:
 2477              	.LFB6:
 132:../src/iis.c  **** 
 133:../src/iis.c  **** 
 134:../src/iis.c  **** 
 135:../src/iis.c  **** void iis_pause( void )
 136:../src/iis.c  **** {
 2478              		.loc 1 136 0
 2479              		.cfi_startproc
 2480              		@ Function supports interworking.
 2481              		@ args = 0, pretend = 0, frame = 0
 2482              		@ frame_needed = 1, uses_anonymous_args = 0
 2483 0554 0DC0A0E1 		mov	ip, sp
 2484              	.LCFI12:
 2485              		.cfi_def_cfa_register 12
 2486 0558 00D82DE9 		stmfd	sp!, {fp, ip, lr, pc}
 2487 055c 04B04CE2 		sub	fp, ip, #4
 2488              		.cfi_offset 14, -8
 2489              		.cfi_offset 13, -12
 2490              		.cfi_offset 11, -16
 2491              	.LCFI13:
 2492              		.cfi_def_cfa 11, 4
 137:../src/iis.c  ****     IISCON &= ~1;
 2493              		.loc 1 137 0
 2494 0560 24309FE5 		ldr	r3, .L36
 2495 0564 20209FE5 		ldr	r2, .L36
 2496 0568 002092E5 		ldr	r2, [r2, #0]
 2497 056c 0120C2E3 		bic	r2, r2, #1
 2498 0570 002083E5 		str	r2, [r3, #0]
 138:../src/iis.c  ****     play = OFF;
 2499              		.loc 1 138 0
 2500 0574 14309FE5 		ldr	r3, .L36+4
 2501 0578 0020A0E3 		mov	r2, #0
 2502 057c 0020C3E5 		strb	r2, [r3, #0]
 139:../src/iis.c  **** }
 2503              		.loc 1 139 0
 2504 0580 0CD04BE2 		sub	sp, fp, #12
 2505 0584 00689DE8 		ldmfd	sp, {fp, sp, lr}
 2506 0588 1EFF2FE1 		bx	lr
 2507              	.L37:
 2508              		.align	2
 2509              	.L36:
 2510 058c 0080D101 		.word	30507008
 2511 0590 02000000 		.word	play
 2512              		.cfi_endproc
 2513              	.LFE6:
 2515              		.align	2
 2516              		.global	iis_continue
 2518              	iis_continue:
 2519              	.LFB7:
 140:../src/iis.c  **** 
 141:../src/iis.c  **** 
 142:../src/iis.c  **** void iis_continue( void )
 143:../src/iis.c  **** {
 2520              		.loc 1 143 0
 2521              		.cfi_startproc
 2522              		@ Function supports interworking.
 2523              		@ args = 0, pretend = 0, frame = 0
 2524              		@ frame_needed = 1, uses_anonymous_args = 0
 2525 0594 0DC0A0E1 		mov	ip, sp
 2526              	.LCFI14:
 2527              		.cfi_def_cfa_register 12
 2528 0598 00D82DE9 		stmfd	sp!, {fp, ip, lr, pc}
 2529 059c 04B04CE2 		sub	fp, ip, #4
 2530              		.cfi_offset 14, -8
 2531              		.cfi_offset 13, -12
 2532              		.cfi_offset 11, -16
 2533              	.LCFI15:
 2534              		.cfi_def_cfa 11, 4
 144:../src/iis.c  **** 
 145:../src/iis.c  **** 	IISCON |= 1 ;
 2535              		.loc 1 145 0
 2536 05a0 24309FE5 		ldr	r3, .L39
 2537 05a4 20209FE5 		ldr	r2, .L39
 2538 05a8 002092E5 		ldr	r2, [r2, #0]
 2539 05ac 012082E3 		orr	r2, r2, #1
 2540 05b0 002083E5 		str	r2, [r3, #0]
 146:../src/iis.c  **** 	play = ON;
 2541              		.loc 1 146 0
 2542 05b4 14309FE5 		ldr	r3, .L39+4
 2543 05b8 0120A0E3 		mov	r2, #1
 2544 05bc 0020C3E5 		strb	r2, [r3, #0]
 147:../src/iis.c  **** }
 2545              		.loc 1 147 0
 2546 05c0 0CD04BE2 		sub	sp, fp, #12
 2547 05c4 00689DE8 		ldmfd	sp, {fp, sp, lr}
 2548 05c8 1EFF2FE1 		bx	lr
 2549              	.L40:
 2550              		.align	2
 2551              	.L39:
 2552 05cc 0080D101 		.word	30507008
 2553 05d0 02000000 		.word	play
 2554              		.cfi_endproc
 2555              	.LFE7:
 2557              		.align	2
 2558              		.global	iis_status
 2560              	iis_status:
 2561              	.LFB8:
 148:../src/iis.c  **** 
 149:../src/iis.c  **** uint8 iis_status( void )
 150:../src/iis.c  **** {
 2562              		.loc 1 150 0
 2563              		.cfi_startproc
 2564              		@ Function supports interworking.
 2565              		@ args = 0, pretend = 0, frame = 0
 2566              		@ frame_needed = 1, uses_anonymous_args = 0
 2567 05d4 0DC0A0E1 		mov	ip, sp
 2568              	.LCFI16:
 2569              		.cfi_def_cfa_register 12
 2570 05d8 00D82DE9 		stmfd	sp!, {fp, ip, lr, pc}
 2571 05dc 04B04CE2 		sub	fp, ip, #4
 2572              		.cfi_offset 14, -8
 2573              		.cfi_offset 13, -12
 2574              		.cfi_offset 11, -16
 2575              	.LCFI17:
 2576              		.cfi_def_cfa 11, 4
 151:../src/iis.c  ****     return play;
 2577              		.loc 1 151 0
 2578 05e0 10309FE5 		ldr	r3, .L42
 2579 05e4 0030D3E5 		ldrb	r3, [r3, #0]	@ zero_extendqisi2
 152:../src/iis.c  **** }
 2580              		.loc 1 152 0
 2581 05e8 0300A0E1 		mov	r0, r3
 2582 05ec 0CD04BE2 		sub	sp, fp, #12
 2583 05f0 00689DE8 		ldmfd	sp, {fp, sp, lr}
 2584 05f4 1EFF2FE1 		bx	lr
 2585              	.L43:
 2586              		.align	2
 2587              	.L42:
 2588 05f8 02000000 		.word	play
 2589              		.cfi_endproc
 2590              	.LFE8:
 2592              		.align	2
 2593              		.global	iis_playwawFile
 2595              	iis_playwawFile:
 2596              	.LFB9:
 153:../src/iis.c  **** 
 154:../src/iis.c  **** void iis_playwawFile( uint8 *fileAddr )
 155:../src/iis.c  **** {
 2597              		.loc 1 155 0
 2598              		.cfi_startproc
 2599              		@ Function supports interworking.
 2600              		@ args = 0, pretend = 0, frame = 16
 2601              		@ frame_needed = 1, uses_anonymous_args = 0
 2602 05fc 0DC0A0E1 		mov	ip, sp
 2603              	.LCFI18:
 2604              		.cfi_def_cfa_register 12
 2605 0600 00D82DE9 		stmfd	sp!, {fp, ip, lr, pc}
 2606 0604 04B04CE2 		sub	fp, ip, #4
 2607              		.cfi_offset 14, -8
 2608              		.cfi_offset 13, -12
 2609              		.cfi_offset 11, -16
 2610              	.LCFI19:
 2611              		.cfi_def_cfa 11, 4
 2612 0608 10D04DE2 		sub	sp, sp, #16
 2613 060c 18000BE5 		str	r0, [fp, #-24]
 156:../src/iis.c  ****     uint32 size;
 157:../src/iis.c  **** 
 158:../src/iis.c  ****     while ( !(fileAddr[0] == 'd' && fileAddr[1] == 'a' && fileAddr[2] == 't' && fileAddr[3] == 'a')
 2614              		.loc 1 158 0
 2615 0610 020000EA 		b	.L45
 2616              	.L46:
 159:../src/iis.c  ****         fileAddr++;
 2617              		.loc 1 159 0
 2618 0614 18301BE5 		ldr	r3, [fp, #-24]
 2619 0618 013083E2 		add	r3, r3, #1
 2620 061c 18300BE5 		str	r3, [fp, #-24]
 2621              	.L45:
 158:../src/iis.c  ****     while ( !(fileAddr[0] == 'd' && fileAddr[1] == 'a' && fileAddr[2] == 't' && fileAddr[3] == 'a')
 2622              		.loc 1 158 0 discriminator 1
 2623 0620 18301BE5 		ldr	r3, [fp, #-24]
 2624 0624 0030D3E5 		ldrb	r3, [r3, #0]	@ zero_extendqisi2
 2625 0628 640053E3 		cmp	r3, #100
 2626 062c F8FFFF1A 		bne	.L46
 158:../src/iis.c  ****     while ( !(fileAddr[0] == 'd' && fileAddr[1] == 'a' && fileAddr[2] == 't' && fileAddr[3] == 'a')
 2627              		.loc 1 158 0 is_stmt 0 discriminator 2
 2628 0630 18301BE5 		ldr	r3, [fp, #-24]
 2629 0634 013083E2 		add	r3, r3, #1
 2630 0638 0030D3E5 		ldrb	r3, [r3, #0]	@ zero_extendqisi2
 2631 063c 610053E3 		cmp	r3, #97
 2632 0640 F3FFFF1A 		bne	.L46
 158:../src/iis.c  ****     while ( !(fileAddr[0] == 'd' && fileAddr[1] == 'a' && fileAddr[2] == 't' && fileAddr[3] == 'a')
 2633              		.loc 1 158 0 discriminator 1
 2634 0644 18301BE5 		ldr	r3, [fp, #-24]
 2635 0648 023083E2 		add	r3, r3, #2
 2636 064c 0030D3E5 		ldrb	r3, [r3, #0]	@ zero_extendqisi2
 2637 0650 740053E3 		cmp	r3, #116
 2638 0654 EEFFFF1A 		bne	.L46
 2639 0658 18301BE5 		ldr	r3, [fp, #-24]
 2640 065c 033083E2 		add	r3, r3, #3
 2641 0660 0030D3E5 		ldrb	r3, [r3, #0]	@ zero_extendqisi2
 2642 0664 610053E3 		cmp	r3, #97
 2643 0668 E9FFFF1A 		bne	.L46
 160:../src/iis.c  ****     fileAddr += 4;
 2644              		.loc 1 160 0 is_stmt 1
 2645 066c 18301BE5 		ldr	r3, [fp, #-24]
 2646 0670 043083E2 		add	r3, r3, #4
 2647 0674 18300BE5 		str	r3, [fp, #-24]
 161:../src/iis.c  **** 
 162:../src/iis.c  ****     size = (uint32) fileAddr[0];
 2648              		.loc 1 162 0
 2649 0678 18301BE5 		ldr	r3, [fp, #-24]
 2650 067c 0030D3E5 		ldrb	r3, [r3, #0]	@ zero_extendqisi2
 2651 0680 10300BE5 		str	r3, [fp, #-16]
 163:../src/iis.c  ****     size += (uint32) fileAddr[1] << 8;
 2652              		.loc 1 163 0
 2653 0684 18301BE5 		ldr	r3, [fp, #-24]
 2654 0688 013083E2 		add	r3, r3, #1
 2655 068c 0030D3E5 		ldrb	r3, [r3, #0]	@ zero_extendqisi2
 2656 0690 0334A0E1 		mov	r3, r3, asl #8
 2657 0694 10201BE5 		ldr	r2, [fp, #-16]
 2658 0698 033082E0 		add	r3, r2, r3
 2659 069c 10300BE5 		str	r3, [fp, #-16]
 164:../src/iis.c  ****     size += (uint32) fileAddr[2] << 16;
 2660              		.loc 1 164 0
 2661 06a0 18301BE5 		ldr	r3, [fp, #-24]
 2662 06a4 023083E2 		add	r3, r3, #2
 2663 06a8 0030D3E5 		ldrb	r3, [r3, #0]	@ zero_extendqisi2
 2664 06ac 0338A0E1 		mov	r3, r3, asl #16
 2665 06b0 10201BE5 		ldr	r2, [fp, #-16]
 2666 06b4 033082E0 		add	r3, r2, r3
 2667 06b8 10300BE5 		str	r3, [fp, #-16]
 165:../src/iis.c  ****     size += (uint32) fileAddr[3] << 24;
 2668              		.loc 1 165 0
 2669 06bc 18301BE5 		ldr	r3, [fp, #-24]
 2670 06c0 033083E2 		add	r3, r3, #3
 2671 06c4 0030D3E5 		ldrb	r3, [r3, #0]	@ zero_extendqisi2
 2672 06c8 033CA0E1 		mov	r3, r3, asl #24
 2673 06cc 10201BE5 		ldr	r2, [fp, #-16]
 2674 06d0 033082E0 		add	r3, r2, r3
 2675 06d4 10300BE5 		str	r3, [fp, #-16]
 166:../src/iis.c  ****     fileAddr += 4;
 2676              		.loc 1 166 0
 2677 06d8 18301BE5 		ldr	r3, [fp, #-24]
 2678 06dc 043083E2 		add	r3, r3, #4
 2679 06e0 18300BE5 		str	r3, [fp, #-24]
 167:../src/iis.c  **** 
 168:../src/iis.c  ****     iis_play( (int16 *)fileAddr, size, OFF );
 2680              		.loc 1 168 0
 2681 06e4 18301BE5 		ldr	r3, [fp, #-24]
 2682 06e8 0300A0E1 		mov	r0, r3
 2683 06ec 10101BE5 		ldr	r1, [fp, #-16]
 2684 06f0 0020A0E3 		mov	r2, #0
 2685 06f4 FEFFFFEB 		bl	iis_play
 169:../src/iis.c  **** }
 2686              		.loc 1 169 0
 2687 06f8 0CD04BE2 		sub	sp, fp, #12
 2688 06fc 00689DE8 		ldmfd	sp, {fp, sp, lr}
 2689 0700 1EFF2FE1 		bx	lr
 2690              		.cfi_endproc
 2691              	.LFE9:
 2693              	.Letext0:
DEFINED SYMBOLS
                            *ABS*:00000000 iis.c
C:\Users\USUARI~1\AppData\Local\Temp\cc9RCQUO.s:1899   .bss:00000000 flag
C:\Users\USUARI~1\AppData\Local\Temp\cc9RCQUO.s:1900   .bss:00000000 $d
C:\Users\USUARI~1\AppData\Local\Temp\cc9RCQUO.s:1901   .bss:00000001 iomode
C:\Users\USUARI~1\AppData\Local\Temp\cc9RCQUO.s:1903   .bss:00000002 play
C:\Users\USUARI~1\AppData\Local\Temp\cc9RCQUO.s:1906   .text:00000000 $a
C:\Users\USUARI~1\AppData\Local\Temp\cc9RCQUO.s:1909   .text:00000000 iis_init
C:\Users\USUARI~1\AppData\Local\Temp\cc9RCQUO.s:1995   .text:000000cc $d
C:\Users\USUARI~1\AppData\Local\Temp\cc9RCQUO.s:2008   .text:000000ec isr_bdma0
C:\Users\USUARI~1\AppData\Local\Temp\cc9RCQUO.s:2006   .text:000000ec $a
C:\Users\USUARI~1\AppData\Local\Temp\cc9RCQUO.s:2061   .text:00000158 $d
C:\Users\USUARI~1\AppData\Local\Temp\cc9RCQUO.s:2069   .text:0000016c $a
C:\Users\USUARI~1\AppData\Local\Temp\cc9RCQUO.s:2072   .text:0000016c iis_putSample
C:\Users\USUARI~1\AppData\Local\Temp\cc9RCQUO.s:2119   .text:000001cc $d
C:\Users\USUARI~1\AppData\Local\Temp\cc9RCQUO.s:2124   .text:000001d4 $a
C:\Users\USUARI~1\AppData\Local\Temp\cc9RCQUO.s:2127   .text:000001d4 iis_getSample
C:\Users\USUARI~1\AppData\Local\Temp\cc9RCQUO.s:2177   .text:00000240 $d
C:\Users\USUARI~1\AppData\Local\Temp\cc9RCQUO.s:2182   .text:00000248 $a
C:\Users\USUARI~1\AppData\Local\Temp\cc9RCQUO.s:2185   .text:00000248 iis_play
C:\Users\USUARI~1\AppData\Local\Temp\cc9RCQUO.s:2319   .text:000003b8 $d
C:\Users\USUARI~1\AppData\Local\Temp\cc9RCQUO.s:2332   .text:000003e0 $a
C:\Users\USUARI~1\AppData\Local\Temp\cc9RCQUO.s:2335   .text:000003e0 iis_rec
C:\Users\USUARI~1\AppData\Local\Temp\cc9RCQUO.s:2461   .text:00000530 $d
C:\Users\USUARI~1\AppData\Local\Temp\cc9RCQUO.s:2473   .text:00000554 $a
C:\Users\USUARI~1\AppData\Local\Temp\cc9RCQUO.s:2476   .text:00000554 iis_pause
C:\Users\USUARI~1\AppData\Local\Temp\cc9RCQUO.s:2510   .text:0000058c $d
C:\Users\USUARI~1\AppData\Local\Temp\cc9RCQUO.s:2515   .text:00000594 $a
C:\Users\USUARI~1\AppData\Local\Temp\cc9RCQUO.s:2518   .text:00000594 iis_continue
C:\Users\USUARI~1\AppData\Local\Temp\cc9RCQUO.s:2552   .text:000005cc $d
C:\Users\USUARI~1\AppData\Local\Temp\cc9RCQUO.s:2557   .text:000005d4 $a
C:\Users\USUARI~1\AppData\Local\Temp\cc9RCQUO.s:2560   .text:000005d4 iis_status
C:\Users\USUARI~1\AppData\Local\Temp\cc9RCQUO.s:2588   .text:000005f8 $d
C:\Users\USUARI~1\AppData\Local\Temp\cc9RCQUO.s:2592   .text:000005fc $a
C:\Users\USUARI~1\AppData\Local\Temp\cc9RCQUO.s:2595   .text:000005fc iis_playwawFile
                     .debug_frame:00000010 $d

UNDEFINED SYMBOLS
bdma0_init
bdma0_open
